# Logfile created on 2014-05-07 15:52:37 -0400 by logger.rb/44203
I, [2014-05-07T15:52:37.799231 #2709]  INFO -- : 0:  rake (10.1.1) from /home/alumno/.rvm/gems/ruby-2.1.0/specifications/rake-10.1.1.gemspec
I, [2014-05-07T15:52:37.799606 #2709]  INFO -- : 0:  i18n (0.6.9) from /home/alumno/.rvm/gems/ruby-2.1.0/specifications/i18n-0.6.9.gemspec
I, [2014-05-07T15:52:38.087589 #2709]  INFO -- : 0:  minitest (4.7.5) from /home/alumno/.rvm/gems/ruby-2.1.0/specifications/minitest-4.7.5.gemspec
I, [2014-05-07T15:52:38.088489 #2709]  INFO -- : 0:  multi_json (1.9.0) from /home/alumno/.rvm/gems/ruby-2.1.0/specifications/multi_json-1.9.0.gemspec
I, [2014-05-07T15:52:38.089205 #2709]  INFO -- : 0:  atomic (1.1.16) from /home/alumno/.rvm/gems/ruby-2.1.0/specifications/atomic-1.1.16.gemspec
I, [2014-05-07T15:52:38.090021 #2709]  INFO -- : 0:  thread_safe (0.2.0) from /home/alumno/.rvm/gems/ruby-2.1.0/specifications/thread_safe-0.2.0.gemspec
I, [2014-05-07T15:52:38.090844 #2709]  INFO -- : 0:  tzinfo (0.3.39) from /home/alumno/.rvm/gems/ruby-2.1.0/specifications/tzinfo-0.3.39.gemspec
I, [2014-05-07T15:52:38.094473 #2709]  INFO -- : 0:  activesupport (4.0.4) from /home/alumno/.rvm/gems/ruby-2.1.0/specifications/activesupport-4.0.4.gemspec
I, [2014-05-07T15:52:38.094828 #2709]  INFO -- : 0:  builder (3.1.4) from /home/alumno/.rvm/gems/ruby-2.1.0/specifications/builder-3.1.4.gemspec
I, [2014-05-07T15:52:38.095124 #2709]  INFO -- : 0:  erubis (2.7.0) from /home/alumno/.rvm/gems/ruby-2.1.0/specifications/erubis-2.7.0.gemspec
I, [2014-05-07T15:52:38.095485 #2709]  INFO -- : 0:  rack (1.5.2) from /home/alumno/.rvm/gems/ruby-2.1.0/specifications/rack-1.5.2.gemspec
I, [2014-05-07T15:52:38.095792 #2709]  INFO -- : 0:  rack-test (0.6.2) from /home/alumno/.rvm/gems/ruby-2.1.0/specifications/rack-test-0.6.2.gemspec
I, [2014-05-07T15:52:38.096083 #2709]  INFO -- : 0:  actionpack (4.0.4) from /home/alumno/.rvm/gems/ruby-2.1.0/specifications/actionpack-4.0.4.gemspec
I, [2014-05-07T15:52:38.096464 #2709]  INFO -- : 0:  mime-types (1.25.1) from /home/alumno/.rvm/gems/ruby-2.1.0/specifications/mime-types-1.25.1.gemspec
I, [2014-05-07T15:52:38.096778 #2709]  INFO -- : 0:  polyglot (0.3.4) from /home/alumno/.rvm/gems/ruby-2.1.0/specifications/polyglot-0.3.4.gemspec
I, [2014-05-07T15:52:38.097069 #2709]  INFO -- : 0:  treetop (1.4.15) from /home/alumno/.rvm/gems/ruby-2.1.0/specifications/treetop-1.4.15.gemspec
I, [2014-05-07T15:52:38.097430 #2709]  INFO -- : 0:  mail (2.5.4) from /home/alumno/.rvm/gems/ruby-2.1.0/specifications/mail-2.5.4.gemspec
I, [2014-05-07T15:52:38.097726 #2709]  INFO -- : 0:  actionmailer (4.0.4) from /home/alumno/.rvm/gems/ruby-2.1.0/specifications/actionmailer-4.0.4.gemspec
I, [2014-05-07T15:52:38.098017 #2709]  INFO -- : 0:  activemodel (4.0.4) from /home/alumno/.rvm/gems/ruby-2.1.0/specifications/activemodel-4.0.4.gemspec
I, [2014-05-07T15:52:38.098364 #2709]  INFO -- : 0:  activerecord-deprecated_finders (1.0.3) from /home/alumno/.rvm/gems/ruby-2.1.0/specifications/activerecord-deprecated_finders-1.0.3.gemspec
I, [2014-05-07T15:52:38.098664 #2709]  INFO -- : 0:  arel (4.0.2) from /home/alumno/.rvm/gems/ruby-2.1.0/specifications/arel-4.0.2.gemspec
I, [2014-05-07T15:52:38.098983 #2709]  INFO -- : 0:  activerecord (4.0.4) from /home/alumno/.rvm/gems/ruby-2.1.0/specifications/activerecord-4.0.4.gemspec
I, [2014-05-07T15:52:38.099323 #2709]  INFO -- : 0:  coffee-script-source (1.7.0) from /home/alumno/.rvm/gems/ruby-2.1.0/specifications/coffee-script-source-1.7.0.gemspec
I, [2014-05-07T15:52:38.099631 #2709]  INFO -- : 0:  execjs (2.0.2) from /home/alumno/.rvm/gems/ruby-2.1.0/specifications/execjs-2.0.2.gemspec
I, [2014-05-07T15:52:38.099943 #2709]  INFO -- : 0:  coffee-script (2.2.0) from /home/alumno/.rvm/gems/ruby-2.1.0/specifications/coffee-script-2.2.0.gemspec
I, [2014-05-07T15:52:38.100300 #2709]  INFO -- : 0:  thor (0.18.1) from /home/alumno/.rvm/gems/ruby-2.1.0/specifications/thor-0.18.1.gemspec
I, [2014-05-07T15:52:38.100618 #2709]  INFO -- : 0:  railties (4.0.4) from /home/alumno/.rvm/gems/ruby-2.1.0/specifications/railties-4.0.4.gemspec
I, [2014-05-07T15:52:38.100933 #2709]  INFO -- : 0:  coffee-rails (4.0.1) from /home/alumno/.rvm/gems/ruby-2.1.0/specifications/coffee-rails-4.0.1.gemspec
I, [2014-05-07T15:52:38.101228 #2709]  INFO -- : 0:  hike (1.2.3) from /home/alumno/.rvm/gems/ruby-2.1.0/specifications/hike-1.2.3.gemspec
I, [2014-05-07T15:52:38.101553 #2709]  INFO -- : 0:  jbuilder (1.5.3) from /home/alumno/.rvm/gems/ruby-2.1.0/specifications/jbuilder-1.5.3.gemspec
I, [2014-05-07T15:52:38.101858 #2709]  INFO -- : 0:  jquery-rails (3.1.0) from /home/alumno/.rvm/gems/ruby-2.1.0/specifications/jquery-rails-3.1.0.gemspec
I, [2014-05-07T15:52:40.191366 #2709]  INFO -- : 0:  json (1.8.1) from /home/alumno/.rvm/gems/ruby-2.1.0/specifications/json-1.8.1.gemspec
I, [2014-05-07T15:52:40.193097 #2709]  INFO -- : 0:  bundler (1.5.0) from /home/alumno/.rvm/gems/ruby-2.1.0@global/specifications/bundler-1.5.0.gemspec
I, [2014-05-07T15:52:40.194294 #2709]  INFO -- : 0:  tilt (1.4.1) from /home/alumno/.rvm/gems/ruby-2.1.0/specifications/tilt-1.4.1.gemspec
I, [2014-05-07T15:52:40.195538 #2709]  INFO -- : 0:  sprockets (2.11.0) from /home/alumno/.rvm/gems/ruby-2.1.0/specifications/sprockets-2.11.0.gemspec
I, [2014-05-07T15:52:40.196498 #2709]  INFO -- : 0:  sprockets-rails (2.0.1) from /home/alumno/.rvm/gems/ruby-2.1.0/specifications/sprockets-rails-2.0.1.gemspec
I, [2014-05-07T15:52:40.197416 #2709]  INFO -- : 0:  rails (4.0.4) from /home/alumno/.rvm/gems/ruby-2.1.0/specifications/rails-4.0.4.gemspec
I, [2014-05-07T15:52:40.198359 #2709]  INFO -- : 0:  rdoc (4.1.1) from /home/alumno/.rvm/gems/ruby-2.1.0/specifications/rdoc-4.1.1.gemspec
I, [2014-05-07T15:52:40.199425 #2709]  INFO -- : 0:  sass (3.2.16) from /home/alumno/.rvm/gems/ruby-2.1.0/specifications/sass-3.2.16.gemspec
I, [2014-05-07T15:52:40.200384 #2709]  INFO -- : 0:  sass-rails (4.0.2) from /home/alumno/.rvm/gems/ruby-2.1.0/specifications/sass-rails-4.0.2.gemspec
I, [2014-05-07T15:52:40.203128 #2709]  INFO -- : 0:  sdoc (0.4.0) from /home/alumno/.rvm/gems/ruby-2.1.0/specifications/sdoc-0.4.0.gemspec
I, [2014-05-07T15:52:40.204096 #2709]  INFO -- : 0:  sqlite3 (1.3.9) from /home/alumno/.rvm/gems/ruby-2.1.0/specifications/sqlite3-1.3.9.gemspec
I, [2014-05-07T15:52:40.205297 #2709]  INFO -- : 0:  turbolinks (2.2.1) from /home/alumno/.rvm/gems/ruby-2.1.0/specifications/turbolinks-2.2.1.gemspec
I, [2014-05-07T15:52:40.205771 #2709]  INFO -- : 0:  uglifier (2.5.0) from /home/alumno/.rvm/gems/ruby-2.1.0/specifications/uglifier-2.5.0.gemspec
I, [2014-05-07T15:56:08.120619 #2812]  INFO -- : 0:  rake (10.1.1) from /home/alumno/.rvm/gems/ruby-2.1.0/specifications/rake-10.1.1.gemspec
I, [2014-05-07T15:56:08.121051 #2812]  INFO -- : 0:  i18n (0.6.9) from /home/alumno/.rvm/gems/ruby-2.1.0/specifications/i18n-0.6.9.gemspec
I, [2014-05-07T15:56:08.210764 #2812]  INFO -- : 0:  minitest (4.7.5) from /home/alumno/.rvm/gems/ruby-2.1.0/specifications/minitest-4.7.5.gemspec
I, [2014-05-07T15:56:08.211252 #2812]  INFO -- : 0:  multi_json (1.9.0) from /home/alumno/.rvm/gems/ruby-2.1.0/specifications/multi_json-1.9.0.gemspec
I, [2014-05-07T15:56:08.211757 #2812]  INFO -- : 0:  atomic (1.1.16) from /home/alumno/.rvm/gems/ruby-2.1.0/specifications/atomic-1.1.16.gemspec
I, [2014-05-07T15:56:08.212616 #2812]  INFO -- : 0:  thread_safe (0.2.0) from /home/alumno/.rvm/gems/ruby-2.1.0/specifications/thread_safe-0.2.0.gemspec
I, [2014-05-07T15:56:08.213418 #2812]  INFO -- : 0:  tzinfo (0.3.39) from /home/alumno/.rvm/gems/ruby-2.1.0/specifications/tzinfo-0.3.39.gemspec
I, [2014-05-07T15:56:08.216113 #2812]  INFO -- : 0:  activesupport (4.0.4) from /home/alumno/.rvm/gems/ruby-2.1.0/specifications/activesupport-4.0.4.gemspec
I, [2014-05-07T15:56:08.216467 #2812]  INFO -- : 0:  builder (3.1.4) from /home/alumno/.rvm/gems/ruby-2.1.0/specifications/builder-3.1.4.gemspec
I, [2014-05-07T15:56:08.216803 #2812]  INFO -- : 0:  erubis (2.7.0) from /home/alumno/.rvm/gems/ruby-2.1.0/specifications/erubis-2.7.0.gemspec
I, [2014-05-07T15:56:08.217155 #2812]  INFO -- : 0:  rack (1.5.2) from /home/alumno/.rvm/gems/ruby-2.1.0/specifications/rack-1.5.2.gemspec
I, [2014-05-07T15:56:08.217492 #2812]  INFO -- : 0:  rack-test (0.6.2) from /home/alumno/.rvm/gems/ruby-2.1.0/specifications/rack-test-0.6.2.gemspec
I, [2014-05-07T15:56:08.217789 #2812]  INFO -- : 0:  actionpack (4.0.4) from /home/alumno/.rvm/gems/ruby-2.1.0/specifications/actionpack-4.0.4.gemspec
I, [2014-05-07T15:56:08.218127 #2812]  INFO -- : 0:  mime-types (1.25.1) from /home/alumno/.rvm/gems/ruby-2.1.0/specifications/mime-types-1.25.1.gemspec
I, [2014-05-07T15:56:08.218424 #2812]  INFO -- : 0:  polyglot (0.3.4) from /home/alumno/.rvm/gems/ruby-2.1.0/specifications/polyglot-0.3.4.gemspec
I, [2014-05-07T15:56:08.218737 #2812]  INFO -- : 0:  treetop (1.4.15) from /home/alumno/.rvm/gems/ruby-2.1.0/specifications/treetop-1.4.15.gemspec
I, [2014-05-07T15:56:08.219092 #2812]  INFO -- : 0:  mail (2.5.4) from /home/alumno/.rvm/gems/ruby-2.1.0/specifications/mail-2.5.4.gemspec
I, [2014-05-07T15:56:08.219393 #2812]  INFO -- : 0:  actionmailer (4.0.4) from /home/alumno/.rvm/gems/ruby-2.1.0/specifications/actionmailer-4.0.4.gemspec
I, [2014-05-07T15:56:08.219699 #2812]  INFO -- : 0:  activemodel (4.0.4) from /home/alumno/.rvm/gems/ruby-2.1.0/specifications/activemodel-4.0.4.gemspec
I, [2014-05-07T15:56:08.220044 #2812]  INFO -- : 0:  activerecord-deprecated_finders (1.0.3) from /home/alumno/.rvm/gems/ruby-2.1.0/specifications/activerecord-deprecated_finders-1.0.3.gemspec
I, [2014-05-07T15:56:08.220415 #2812]  INFO -- : 0:  arel (4.0.2) from /home/alumno/.rvm/gems/ruby-2.1.0/specifications/arel-4.0.2.gemspec
I, [2014-05-07T15:56:08.220754 #2812]  INFO -- : 0:  activerecord (4.0.4) from /home/alumno/.rvm/gems/ruby-2.1.0/specifications/activerecord-4.0.4.gemspec
I, [2014-05-07T15:56:08.221100 #2812]  INFO -- : 0:  coffee-script-source (1.7.0) from /home/alumno/.rvm/gems/ruby-2.1.0/specifications/coffee-script-source-1.7.0.gemspec
I, [2014-05-07T15:56:08.221386 #2812]  INFO -- : 0:  execjs (2.0.2) from /home/alumno/.rvm/gems/ruby-2.1.0/specifications/execjs-2.0.2.gemspec
I, [2014-05-07T15:56:08.221704 #2812]  INFO -- : 0:  coffee-script (2.2.0) from /home/alumno/.rvm/gems/ruby-2.1.0/specifications/coffee-script-2.2.0.gemspec
I, [2014-05-07T15:56:08.222022 #2812]  INFO -- : 0:  thor (0.18.1) from /home/alumno/.rvm/gems/ruby-2.1.0/specifications/thor-0.18.1.gemspec
I, [2014-05-07T15:56:08.222308 #2812]  INFO -- : 0:  railties (4.0.4) from /home/alumno/.rvm/gems/ruby-2.1.0/specifications/railties-4.0.4.gemspec
I, [2014-05-07T15:56:08.222604 #2812]  INFO -- : 0:  coffee-rails (4.0.1) from /home/alumno/.rvm/gems/ruby-2.1.0/specifications/coffee-rails-4.0.1.gemspec
I, [2014-05-07T15:56:08.222902 #2812]  INFO -- : 0:  hike (1.2.3) from /home/alumno/.rvm/gems/ruby-2.1.0/specifications/hike-1.2.3.gemspec
I, [2014-05-07T15:56:08.223217 #2812]  INFO -- : 0:  jbuilder (1.5.3) from /home/alumno/.rvm/gems/ruby-2.1.0/specifications/jbuilder-1.5.3.gemspec
I, [2014-05-07T15:56:08.223542 #2812]  INFO -- : 0:  jquery-rails (3.1.0) from /home/alumno/.rvm/gems/ruby-2.1.0/specifications/jquery-rails-3.1.0.gemspec
I, [2014-05-07T15:56:09.297015 #2812]  INFO -- : 0:  json (1.8.1) from /home/alumno/.rvm/gems/ruby-2.1.0/specifications/json-1.8.1.gemspec
I, [2014-05-07T15:56:09.298722 #2812]  INFO -- : 0:  bundler (1.5.0) from /home/alumno/.rvm/gems/ruby-2.1.0@global/specifications/bundler-1.5.0.gemspec
I, [2014-05-07T15:56:09.299909 #2812]  INFO -- : 0:  tilt (1.4.1) from /home/alumno/.rvm/gems/ruby-2.1.0/specifications/tilt-1.4.1.gemspec
I, [2014-05-07T15:56:09.301090 #2812]  INFO -- : 0:  sprockets (2.11.0) from /home/alumno/.rvm/gems/ruby-2.1.0/specifications/sprockets-2.11.0.gemspec
I, [2014-05-07T15:56:09.302058 #2812]  INFO -- : 0:  sprockets-rails (2.0.1) from /home/alumno/.rvm/gems/ruby-2.1.0/specifications/sprockets-rails-2.0.1.gemspec
I, [2014-05-07T15:56:09.302989 #2812]  INFO -- : 0:  rails (4.0.4) from /home/alumno/.rvm/gems/ruby-2.1.0/specifications/rails-4.0.4.gemspec
I, [2014-05-07T15:56:09.303932 #2812]  INFO -- : 0:  rdoc (4.1.1) from /home/alumno/.rvm/gems/ruby-2.1.0/specifications/rdoc-4.1.1.gemspec
I, [2014-05-07T15:56:09.304719 #2812]  INFO -- : 0:  sass (3.2.16) from /home/alumno/.rvm/gems/ruby-2.1.0/specifications/sass-3.2.16.gemspec
I, [2014-05-07T15:56:09.305098 #2812]  INFO -- : 0:  sass-rails (4.0.2) from /home/alumno/.rvm/gems/ruby-2.1.0/specifications/sass-rails-4.0.2.gemspec
I, [2014-05-07T15:56:09.305568 #2812]  INFO -- : 0:  sdoc (0.4.0) from /home/alumno/.rvm/gems/ruby-2.1.0/specifications/sdoc-0.4.0.gemspec
I, [2014-05-07T15:56:09.305962 #2812]  INFO -- : 0:  sqlite3 (1.3.9) from /home/alumno/.rvm/gems/ruby-2.1.0/specifications/sqlite3-1.3.9.gemspec
I, [2014-05-07T15:56:09.306402 #2812]  INFO -- : 0:  turbolinks (2.2.1) from /home/alumno/.rvm/gems/ruby-2.1.0/specifications/turbolinks-2.2.1.gemspec
I, [2014-05-07T15:56:09.306843 #2812]  INFO -- : 0:  uglifier (2.5.0) from /home/alumno/.rvm/gems/ruby-2.1.0/specifications/uglifier-2.5.0.gemspec
I, [2014-05-07T16:09:47.568633 #5941]  INFO -- : 0:  rake (10.1.1) from /home/alumno/.rvm/gems/ruby-2.1.0/specifications/rake-10.1.1.gemspec
I, [2014-05-07T16:09:47.569113 #5941]  INFO -- : 0:  i18n (0.6.9) from /home/alumno/.rvm/gems/ruby-2.1.0/specifications/i18n-0.6.9.gemspec
I, [2014-05-07T16:09:47.722091 #5941]  INFO -- : 0:  minitest (4.7.5) from /home/alumno/.rvm/gems/ruby-2.1.0/specifications/minitest-4.7.5.gemspec
I, [2014-05-07T16:09:47.723155 #5941]  INFO -- : 0:  multi_json (1.9.0) from /home/alumno/.rvm/gems/ruby-2.1.0/specifications/multi_json-1.9.0.gemspec
I, [2014-05-07T16:09:47.723858 #5941]  INFO -- : 0:  atomic (1.1.16) from /home/alumno/.rvm/gems/ruby-2.1.0/specifications/atomic-1.1.16.gemspec
I, [2014-05-07T16:09:47.724677 #5941]  INFO -- : 0:  thread_safe (0.2.0) from /home/alumno/.rvm/gems/ruby-2.1.0/specifications/thread_safe-0.2.0.gemspec
I, [2014-05-07T16:09:47.725538 #5941]  INFO -- : 0:  tzinfo (0.3.39) from /home/alumno/.rvm/gems/ruby-2.1.0/specifications/tzinfo-0.3.39.gemspec
I, [2014-05-07T16:09:47.729340 #5941]  INFO -- : 0:  activesupport (4.0.4) from /home/alumno/.rvm/gems/ruby-2.1.0/specifications/activesupport-4.0.4.gemspec
I, [2014-05-07T16:09:47.730161 #5941]  INFO -- : 0:  builder (3.1.4) from /home/alumno/.rvm/gems/ruby-2.1.0/specifications/builder-3.1.4.gemspec
I, [2014-05-07T16:09:47.730941 #5941]  INFO -- : 0:  erubis (2.7.0) from /home/alumno/.rvm/gems/ruby-2.1.0/specifications/erubis-2.7.0.gemspec
I, [2014-05-07T16:09:47.732753 #5941]  INFO -- : 0:  rack (1.5.2) from /home/alumno/.rvm/gems/ruby-2.1.0/specifications/rack-1.5.2.gemspec
I, [2014-05-07T16:09:47.733675 #5941]  INFO -- : 0:  rack-test (0.6.2) from /home/alumno/.rvm/gems/ruby-2.1.0/specifications/rack-test-0.6.2.gemspec
I, [2014-05-07T16:09:47.734605 #5941]  INFO -- : 0:  actionpack (4.0.4) from /home/alumno/.rvm/gems/ruby-2.1.0/specifications/actionpack-4.0.4.gemspec
I, [2014-05-07T16:09:47.734897 #5941]  INFO -- : 0:  mime-types (1.25.1) from /home/alumno/.rvm/gems/ruby-2.1.0/specifications/mime-types-1.25.1.gemspec
I, [2014-05-07T16:09:47.735273 #5941]  INFO -- : 0:  polyglot (0.3.4) from /home/alumno/.rvm/gems/ruby-2.1.0/specifications/polyglot-0.3.4.gemspec
I, [2014-05-07T16:09:47.735578 #5941]  INFO -- : 0:  treetop (1.4.15) from /home/alumno/.rvm/gems/ruby-2.1.0/specifications/treetop-1.4.15.gemspec
I, [2014-05-07T16:09:47.735882 #5941]  INFO -- : 0:  mail (2.5.4) from /home/alumno/.rvm/gems/ruby-2.1.0/specifications/mail-2.5.4.gemspec
I, [2014-05-07T16:09:47.736221 #5941]  INFO -- : 0:  actionmailer (4.0.4) from /home/alumno/.rvm/gems/ruby-2.1.0/specifications/actionmailer-4.0.4.gemspec
I, [2014-05-07T16:09:47.736541 #5941]  INFO -- : 0:  activemodel (4.0.4) from /home/alumno/.rvm/gems/ruby-2.1.0/specifications/activemodel-4.0.4.gemspec
I, [2014-05-07T16:09:47.736840 #5941]  INFO -- : 0:  activerecord-deprecated_finders (1.0.3) from /home/alumno/.rvm/gems/ruby-2.1.0/specifications/activerecord-deprecated_finders-1.0.3.gemspec
I, [2014-05-07T16:09:47.737170 #5941]  INFO -- : 0:  arel (4.0.2) from /home/alumno/.rvm/gems/ruby-2.1.0/specifications/arel-4.0.2.gemspec
I, [2014-05-07T16:09:47.737466 #5941]  INFO -- : 0:  activerecord (4.0.4) from /home/alumno/.rvm/gems/ruby-2.1.0/specifications/activerecord-4.0.4.gemspec
I, [2014-05-07T16:09:47.737777 #5941]  INFO -- : 0:  coffee-script-source (1.7.0) from /home/alumno/.rvm/gems/ruby-2.1.0/specifications/coffee-script-source-1.7.0.gemspec
I, [2014-05-07T16:09:47.738182 #5941]  INFO -- : 0:  execjs (2.0.2) from /home/alumno/.rvm/gems/ruby-2.1.0/specifications/execjs-2.0.2.gemspec
I, [2014-05-07T16:09:47.738494 #5941]  INFO -- : 0:  coffee-script (2.2.0) from /home/alumno/.rvm/gems/ruby-2.1.0/specifications/coffee-script-2.2.0.gemspec
I, [2014-05-07T16:09:47.738847 #5941]  INFO -- : 0:  thor (0.18.1) from /home/alumno/.rvm/gems/ruby-2.1.0/specifications/thor-0.18.1.gemspec
I, [2014-05-07T16:09:47.739189 #5941]  INFO -- : 0:  railties (4.0.4) from /home/alumno/.rvm/gems/ruby-2.1.0/specifications/railties-4.0.4.gemspec
I, [2014-05-07T16:09:47.739527 #5941]  INFO -- : 0:  coffee-rails (4.0.1) from /home/alumno/.rvm/gems/ruby-2.1.0/specifications/coffee-rails-4.0.1.gemspec
I, [2014-05-07T16:09:47.740393 #5941]  INFO -- : 0:  hike (1.2.3) from /home/alumno/.rvm/gems/ruby-2.1.0/specifications/hike-1.2.3.gemspec
I, [2014-05-07T16:09:47.740739 #5941]  INFO -- : 0:  jbuilder (1.5.3) from /home/alumno/.rvm/gems/ruby-2.1.0/specifications/jbuilder-1.5.3.gemspec
I, [2014-05-07T16:09:47.741058 #5941]  INFO -- : 0:  jquery-rails (3.1.0) from /home/alumno/.rvm/gems/ruby-2.1.0/specifications/jquery-rails-3.1.0.gemspec
I, [2014-05-07T16:09:48.979401 #5941]  INFO -- : 0:  json (1.8.1) from /home/alumno/.rvm/gems/ruby-2.1.0/specifications/json-1.8.1.gemspec
I, [2014-05-07T16:09:48.980913 #5941]  INFO -- : 0:  bundler (1.5.0) from /home/alumno/.rvm/gems/ruby-2.1.0@global/specifications/bundler-1.5.0.gemspec
I, [2014-05-07T16:09:48.982149 #5941]  INFO -- : 0:  tilt (1.4.1) from /home/alumno/.rvm/gems/ruby-2.1.0/specifications/tilt-1.4.1.gemspec
I, [2014-05-07T16:09:48.983388 #5941]  INFO -- : 0:  sprockets (2.11.0) from /home/alumno/.rvm/gems/ruby-2.1.0/specifications/sprockets-2.11.0.gemspec
I, [2014-05-07T16:09:48.984706 #5941]  INFO -- : 0:  sprockets-rails (2.0.1) from /home/alumno/.rvm/gems/ruby-2.1.0/specifications/sprockets-rails-2.0.1.gemspec
I, [2014-05-07T16:09:48.986022 #5941]  INFO -- : 0:  rails (4.0.4) from /home/alumno/.rvm/gems/ruby-2.1.0/specifications/rails-4.0.4.gemspec
I, [2014-05-07T16:09:48.987142 #5941]  INFO -- : 0:  rdoc (4.1.1) from /home/alumno/.rvm/gems/ruby-2.1.0/specifications/rdoc-4.1.1.gemspec
I, [2014-05-07T16:09:48.988050 #5941]  INFO -- : 0:  sass (3.2.16) from /home/alumno/.rvm/gems/ruby-2.1.0/specifications/sass-3.2.16.gemspec
I, [2014-05-07T16:09:48.989027 #5941]  INFO -- : 0:  sass-rails (4.0.2) from /home/alumno/.rvm/gems/ruby-2.1.0/specifications/sass-rails-4.0.2.gemspec
I, [2014-05-07T16:09:48.990016 #5941]  INFO -- : 0:  sdoc (0.4.0) from /home/alumno/.rvm/gems/ruby-2.1.0/specifications/sdoc-0.4.0.gemspec
I, [2014-05-07T16:09:48.991039 #5941]  INFO -- : 0:  sqlite3 (1.3.9) from /home/alumno/.rvm/gems/ruby-2.1.0/specifications/sqlite3-1.3.9.gemspec
I, [2014-05-07T16:09:48.991885 #5941]  INFO -- : 0:  turbolinks (2.2.1) from /home/alumno/.rvm/gems/ruby-2.1.0/specifications/turbolinks-2.2.1.gemspec
I, [2014-05-07T16:09:48.993023 #5941]  INFO -- : 0:  uglifier (2.5.0) from /home/alumno/.rvm/gems/ruby-2.1.0/specifications/uglifier-2.5.0.gemspec
I, [2014-05-07T16:23:26.075395 #6612]  INFO -- : 0:  rake (10.1.1) from /home/alumno/.rvm/gems/ruby-2.1.0/specifications/rake-10.1.1.gemspec
I, [2014-05-07T16:23:26.075872 #6612]  INFO -- : 0:  i18n (0.6.9) from /home/alumno/.rvm/gems/ruby-2.1.0/specifications/i18n-0.6.9.gemspec
I, [2014-05-07T16:23:26.172737 #6612]  INFO -- : 0:  minitest (4.7.5) from /home/alumno/.rvm/gems/ruby-2.1.0/specifications/minitest-4.7.5.gemspec
I, [2014-05-07T16:23:26.173858 #6612]  INFO -- : 0:  multi_json (1.9.0) from /home/alumno/.rvm/gems/ruby-2.1.0/specifications/multi_json-1.9.0.gemspec
I, [2014-05-07T16:23:26.174657 #6612]  INFO -- : 0:  atomic (1.1.16) from /home/alumno/.rvm/gems/ruby-2.1.0/specifications/atomic-1.1.16.gemspec
I, [2014-05-07T16:23:26.180806 #6612]  INFO -- : 0:  thread_safe (0.2.0) from /home/alumno/.rvm/gems/ruby-2.1.0/specifications/thread_safe-0.2.0.gemspec
I, [2014-05-07T16:23:26.181219 #6612]  INFO -- : 0:  tzinfo (0.3.39) from /home/alumno/.rvm/gems/ruby-2.1.0/specifications/tzinfo-0.3.39.gemspec
I, [2014-05-07T16:23:26.183450 #6612]  INFO -- : 0:  activesupport (4.0.4) from /home/alumno/.rvm/gems/ruby-2.1.0/specifications/activesupport-4.0.4.gemspec
I, [2014-05-07T16:23:26.183772 #6612]  INFO -- : 0:  builder (3.1.4) from /home/alumno/.rvm/gems/ruby-2.1.0/specifications/builder-3.1.4.gemspec
I, [2014-05-07T16:23:26.184141 #6612]  INFO -- : 0:  erubis (2.7.0) from /home/alumno/.rvm/gems/ruby-2.1.0/specifications/erubis-2.7.0.gemspec
I, [2014-05-07T16:23:26.184490 #6612]  INFO -- : 0:  rack (1.5.2) from /home/alumno/.rvm/gems/ruby-2.1.0/specifications/rack-1.5.2.gemspec
I, [2014-05-07T16:23:26.184810 #6612]  INFO -- : 0:  rack-test (0.6.2) from /home/alumno/.rvm/gems/ruby-2.1.0/specifications/rack-test-0.6.2.gemspec
I, [2014-05-07T16:23:26.185177 #6612]  INFO -- : 0:  actionpack (4.0.4) from /home/alumno/.rvm/gems/ruby-2.1.0/specifications/actionpack-4.0.4.gemspec
I, [2014-05-07T16:23:26.185502 #6612]  INFO -- : 0:  mime-types (1.25.1) from /home/alumno/.rvm/gems/ruby-2.1.0/specifications/mime-types-1.25.1.gemspec
I, [2014-05-07T16:23:26.185829 #6612]  INFO -- : 0:  polyglot (0.3.4) from /home/alumno/.rvm/gems/ruby-2.1.0/specifications/polyglot-0.3.4.gemspec
I, [2014-05-07T16:23:26.186201 #6612]  INFO -- : 0:  treetop (1.4.15) from /home/alumno/.rvm/gems/ruby-2.1.0/specifications/treetop-1.4.15.gemspec
I, [2014-05-07T16:23:26.186577 #6612]  INFO -- : 0:  mail (2.5.4) from /home/alumno/.rvm/gems/ruby-2.1.0/specifications/mail-2.5.4.gemspec
I, [2014-05-07T16:23:26.186902 #6612]  INFO -- : 0:  actionmailer (4.0.4) from /home/alumno/.rvm/gems/ruby-2.1.0/specifications/actionmailer-4.0.4.gemspec
I, [2014-05-07T16:23:26.187764 #6612]  INFO -- : 0:  activemodel (4.0.4) from /home/alumno/.rvm/gems/ruby-2.1.0/specifications/activemodel-4.0.4.gemspec
I, [2014-05-07T16:23:26.188186 #6612]  INFO -- : 0:  activerecord-deprecated_finders (1.0.3) from /home/alumno/.rvm/gems/ruby-2.1.0/specifications/activerecord-deprecated_finders-1.0.3.gemspec
I, [2014-05-07T16:23:26.188548 #6612]  INFO -- : 0:  arel (4.0.2) from /home/alumno/.rvm/gems/ruby-2.1.0/specifications/arel-4.0.2.gemspec
I, [2014-05-07T16:23:26.188889 #6612]  INFO -- : 0:  activerecord (4.0.4) from /home/alumno/.rvm/gems/ruby-2.1.0/specifications/activerecord-4.0.4.gemspec
I, [2014-05-07T16:23:26.189254 #6612]  INFO -- : 0:  coffee-script-source (1.7.0) from /home/alumno/.rvm/gems/ruby-2.1.0/specifications/coffee-script-source-1.7.0.gemspec
I, [2014-05-07T16:23:26.189580 #6612]  INFO -- : 0:  execjs (2.0.2) from /home/alumno/.rvm/gems/ruby-2.1.0/specifications/execjs-2.0.2.gemspec
I, [2014-05-07T16:23:26.189904 #6612]  INFO -- : 0:  coffee-script (2.2.0) from /home/alumno/.rvm/gems/ruby-2.1.0/specifications/coffee-script-2.2.0.gemspec
I, [2014-05-07T16:23:26.190282 #6612]  INFO -- : 0:  thor (0.18.1) from /home/alumno/.rvm/gems/ruby-2.1.0/specifications/thor-0.18.1.gemspec
I, [2014-05-07T16:23:26.191304 #6612]  INFO -- : 0:  railties (4.0.4) from /home/alumno/.rvm/gems/ruby-2.1.0/specifications/railties-4.0.4.gemspec
I, [2014-05-07T16:23:26.191648 #6612]  INFO -- : 0:  coffee-rails (4.0.1) from /home/alumno/.rvm/gems/ruby-2.1.0/specifications/coffee-rails-4.0.1.gemspec
I, [2014-05-07T16:23:26.191955 #6612]  INFO -- : 0:  hike (1.2.3) from /home/alumno/.rvm/gems/ruby-2.1.0/specifications/hike-1.2.3.gemspec
I, [2014-05-07T16:23:26.192296 #6612]  INFO -- : 0:  jbuilder (1.5.3) from /home/alumno/.rvm/gems/ruby-2.1.0/specifications/jbuilder-1.5.3.gemspec
I, [2014-05-07T16:23:26.192632 #6612]  INFO -- : 0:  jquery-rails (3.1.0) from /home/alumno/.rvm/gems/ruby-2.1.0/specifications/jquery-rails-3.1.0.gemspec
I, [2014-05-07T16:23:27.434349 #6612]  INFO -- : 0:  json (1.8.1) from /home/alumno/.rvm/gems/ruby-2.1.0/specifications/json-1.8.1.gemspec
I, [2014-05-07T16:23:27.435930 #6612]  INFO -- : 0:  bundler (1.5.0) from /home/alumno/.rvm/gems/ruby-2.1.0@global/specifications/bundler-1.5.0.gemspec
I, [2014-05-07T16:23:27.437204 #6612]  INFO -- : 0:  tilt (1.4.1) from /home/alumno/.rvm/gems/ruby-2.1.0/specifications/tilt-1.4.1.gemspec
I, [2014-05-07T16:23:27.438248 #6612]  INFO -- : 0:  sprockets (2.11.0) from /home/alumno/.rvm/gems/ruby-2.1.0/specifications/sprockets-2.11.0.gemspec
I, [2014-05-07T16:23:27.439159 #6612]  INFO -- : 0:  sprockets-rails (2.0.1) from /home/alumno/.rvm/gems/ruby-2.1.0/specifications/sprockets-rails-2.0.1.gemspec
I, [2014-05-07T16:23:27.440650 #6612]  INFO -- : 0:  rails (4.0.4) from /home/alumno/.rvm/gems/ruby-2.1.0/specifications/rails-4.0.4.gemspec
I, [2014-05-07T16:23:27.442364 #6612]  INFO -- : 0:  rdoc (4.1.1) from /home/alumno/.rvm/gems/ruby-2.1.0/specifications/rdoc-4.1.1.gemspec
I, [2014-05-07T16:23:27.443369 #6612]  INFO -- : 0:  sass (3.2.16) from /home/alumno/.rvm/gems/ruby-2.1.0/specifications/sass-3.2.16.gemspec
I, [2014-05-07T16:23:27.444326 #6612]  INFO -- : 0:  sass-rails (4.0.2) from /home/alumno/.rvm/gems/ruby-2.1.0/specifications/sass-rails-4.0.2.gemspec
I, [2014-05-07T16:23:27.444923 #6612]  INFO -- : 0:  sdoc (0.4.0) from /home/alumno/.rvm/gems/ruby-2.1.0/specifications/sdoc-0.4.0.gemspec
I, [2014-05-07T16:23:27.445344 #6612]  INFO -- : 0:  sqlite3 (1.3.9) from /home/alumno/.rvm/gems/ruby-2.1.0/specifications/sqlite3-1.3.9.gemspec
I, [2014-05-07T16:23:27.445746 #6612]  INFO -- : 0:  turbolinks (2.2.1) from /home/alumno/.rvm/gems/ruby-2.1.0/specifications/turbolinks-2.2.1.gemspec
I, [2014-05-07T16:23:27.446162 #6612]  INFO -- : 0:  uglifier (2.5.0) from /home/alumno/.rvm/gems/ruby-2.1.0/specifications/uglifier-2.5.0.gemspec
I, [2014-05-07T16:25:15.653274 #6691]  INFO -- : 0:  rake (10.1.1) from /home/alumno/.rvm/gems/ruby-2.1.0/specifications/rake-10.1.1.gemspec
I, [2014-05-07T16:25:15.653795 #6691]  INFO -- : 0:  i18n (0.6.9) from /home/alumno/.rvm/gems/ruby-2.1.0/specifications/i18n-0.6.9.gemspec
I, [2014-05-07T16:25:15.757597 #6691]  INFO -- : 0:  minitest (4.7.5) from /home/alumno/.rvm/gems/ruby-2.1.0/specifications/minitest-4.7.5.gemspec
I, [2014-05-07T16:25:15.758551 #6691]  INFO -- : 0:  multi_json (1.9.0) from /home/alumno/.rvm/gems/ruby-2.1.0/specifications/multi_json-1.9.0.gemspec
I, [2014-05-07T16:25:15.759274 #6691]  INFO -- : 0:  atomic (1.1.16) from /home/alumno/.rvm/gems/ruby-2.1.0/specifications/atomic-1.1.16.gemspec
I, [2014-05-07T16:25:15.760199 #6691]  INFO -- : 0:  thread_safe (0.2.0) from /home/alumno/.rvm/gems/ruby-2.1.0/specifications/thread_safe-0.2.0.gemspec
I, [2014-05-07T16:25:15.761096 #6691]  INFO -- : 0:  tzinfo (0.3.39) from /home/alumno/.rvm/gems/ruby-2.1.0/specifications/tzinfo-0.3.39.gemspec
I, [2014-05-07T16:25:15.761873 #6691]  INFO -- : 0:  activesupport (4.0.4) from /home/alumno/.rvm/gems/ruby-2.1.0/specifications/activesupport-4.0.4.gemspec
I, [2014-05-07T16:25:15.762885 #6691]  INFO -- : 0:  builder (3.1.4) from /home/alumno/.rvm/gems/ruby-2.1.0/specifications/builder-3.1.4.gemspec
I, [2014-05-07T16:25:15.763741 #6691]  INFO -- : 0:  erubis (2.7.0) from /home/alumno/.rvm/gems/ruby-2.1.0/specifications/erubis-2.7.0.gemspec
I, [2014-05-07T16:25:15.764606 #6691]  INFO -- : 0:  rack (1.5.2) from /home/alumno/.rvm/gems/ruby-2.1.0/specifications/rack-1.5.2.gemspec
I, [2014-05-07T16:25:15.765526 #6691]  INFO -- : 0:  rack-test (0.6.2) from /home/alumno/.rvm/gems/ruby-2.1.0/specifications/rack-test-0.6.2.gemspec
I, [2014-05-07T16:25:15.767507 #6691]  INFO -- : 0:  actionpack (4.0.4) from /home/alumno/.rvm/gems/ruby-2.1.0/specifications/actionpack-4.0.4.gemspec
I, [2014-05-07T16:25:15.768345 #6691]  INFO -- : 0:  mime-types (1.25.1) from /home/alumno/.rvm/gems/ruby-2.1.0/specifications/mime-types-1.25.1.gemspec
I, [2014-05-07T16:25:15.769817 #6691]  INFO -- : 0:  polyglot (0.3.4) from /home/alumno/.rvm/gems/ruby-2.1.0/specifications/polyglot-0.3.4.gemspec
I, [2014-05-07T16:25:15.770639 #6691]  INFO -- : 0:  treetop (1.4.15) from /home/alumno/.rvm/gems/ruby-2.1.0/specifications/treetop-1.4.15.gemspec
I, [2014-05-07T16:25:15.771464 #6691]  INFO -- : 0:  mail (2.5.4) from /home/alumno/.rvm/gems/ruby-2.1.0/specifications/mail-2.5.4.gemspec
I, [2014-05-07T16:25:15.772274 #6691]  INFO -- : 0:  actionmailer (4.0.4) from /home/alumno/.rvm/gems/ruby-2.1.0/specifications/actionmailer-4.0.4.gemspec
I, [2014-05-07T16:25:15.773085 #6691]  INFO -- : 0:  activemodel (4.0.4) from /home/alumno/.rvm/gems/ruby-2.1.0/specifications/activemodel-4.0.4.gemspec
I, [2014-05-07T16:25:15.773918 #6691]  INFO -- : 0:  activerecord-deprecated_finders (1.0.3) from /home/alumno/.rvm/gems/ruby-2.1.0/specifications/activerecord-deprecated_finders-1.0.3.gemspec
I, [2014-05-07T16:25:15.774664 #6691]  INFO -- : 0:  arel (4.0.2) from /home/alumno/.rvm/gems/ruby-2.1.0/specifications/arel-4.0.2.gemspec
I, [2014-05-07T16:25:15.775041 #6691]  INFO -- : 0:  activerecord (4.0.4) from /home/alumno/.rvm/gems/ruby-2.1.0/specifications/activerecord-4.0.4.gemspec
I, [2014-05-07T16:25:23.996430 #6691]  INFO -- : 0:  bcrypt (3.1.7) from /home/alumno/.rvm/gems/ruby-2.1.0/specifications/bcrypt-3.1.7.gemspec
I, [2014-05-07T16:25:23.997752 #6691]  INFO -- : 0:  bundler (1.5.0) from /home/alumno/.rvm/gems/ruby-2.1.0@global/specifications/bundler-1.5.0.gemspec
I, [2014-05-07T16:25:23.998791 #6691]  INFO -- : 0:  coffee-script-source (1.7.0) from /home/alumno/.rvm/gems/ruby-2.1.0/specifications/coffee-script-source-1.7.0.gemspec
I, [2014-05-07T16:25:23.999641 #6691]  INFO -- : 0:  execjs (2.0.2) from /home/alumno/.rvm/gems/ruby-2.1.0/specifications/execjs-2.0.2.gemspec
I, [2014-05-07T16:25:24.000583 #6691]  INFO -- : 0:  coffee-script (2.2.0) from /home/alumno/.rvm/gems/ruby-2.1.0/specifications/coffee-script-2.2.0.gemspec
I, [2014-05-07T16:25:24.001751 #6691]  INFO -- : 0:  thor (0.18.1) from /home/alumno/.rvm/gems/ruby-2.1.0/specifications/thor-0.18.1.gemspec
I, [2014-05-07T16:25:24.002899 #6691]  INFO -- : 0:  railties (4.0.4) from /home/alumno/.rvm/gems/ruby-2.1.0/specifications/railties-4.0.4.gemspec
I, [2014-05-07T16:25:24.003949 #6691]  INFO -- : 0:  coffee-rails (4.0.1) from /home/alumno/.rvm/gems/ruby-2.1.0/specifications/coffee-rails-4.0.1.gemspec
I, [2014-05-07T16:25:25.971437 #6691]  INFO -- : 0:  orm_adapter (0.5.0) from /home/alumno/.rvm/gems/ruby-2.1.0/specifications/orm_adapter-0.5.0.gemspec
I, [2014-05-07T16:25:30.306408 #6691]  INFO -- : 0:  warden (1.2.3) from /home/alumno/.rvm/gems/ruby-2.1.0/specifications/warden-1.2.3.gemspec
I, [2014-05-07T16:25:40.762360 #6691]  INFO -- : 0:  devise (3.2.4) from /home/alumno/.rvm/gems/ruby-2.1.0/specifications/devise-3.2.4.gemspec
I, [2014-05-07T16:25:40.763548 #6691]  INFO -- : 0:  hike (1.2.3) from /home/alumno/.rvm/gems/ruby-2.1.0/specifications/hike-1.2.3.gemspec
I, [2014-05-07T16:25:40.764468 #6691]  INFO -- : 0:  jbuilder (1.5.3) from /home/alumno/.rvm/gems/ruby-2.1.0/specifications/jbuilder-1.5.3.gemspec
I, [2014-05-07T16:25:40.765433 #6691]  INFO -- : 0:  jquery-rails (3.1.0) from /home/alumno/.rvm/gems/ruby-2.1.0/specifications/jquery-rails-3.1.0.gemspec
I, [2014-05-07T16:25:41.881958 #6691]  INFO -- : 0:  json (1.8.1) from /home/alumno/.rvm/gems/ruby-2.1.0/specifications/json-1.8.1.gemspec
I, [2014-05-07T16:25:41.883147 #6691]  INFO -- : 0:  tilt (1.4.1) from /home/alumno/.rvm/gems/ruby-2.1.0/specifications/tilt-1.4.1.gemspec
I, [2014-05-07T16:25:41.884091 #6691]  INFO -- : 0:  sprockets (2.11.0) from /home/alumno/.rvm/gems/ruby-2.1.0/specifications/sprockets-2.11.0.gemspec
I, [2014-05-07T16:25:41.885181 #6691]  INFO -- : 0:  sprockets-rails (2.0.1) from /home/alumno/.rvm/gems/ruby-2.1.0/specifications/sprockets-rails-2.0.1.gemspec
I, [2014-05-07T16:25:41.886107 #6691]  INFO -- : 0:  rails (4.0.4) from /home/alumno/.rvm/gems/ruby-2.1.0/specifications/rails-4.0.4.gemspec
I, [2014-05-07T16:25:41.887067 #6691]  INFO -- : 0:  rdoc (4.1.1) from /home/alumno/.rvm/gems/ruby-2.1.0/specifications/rdoc-4.1.1.gemspec
I, [2014-05-07T16:25:41.888112 #6691]  INFO -- : 0:  sass (3.2.16) from /home/alumno/.rvm/gems/ruby-2.1.0/specifications/sass-3.2.16.gemspec
I, [2014-05-07T16:25:41.889096 #6691]  INFO -- : 0:  sass-rails (4.0.2) from /home/alumno/.rvm/gems/ruby-2.1.0/specifications/sass-rails-4.0.2.gemspec
I, [2014-05-07T16:25:41.890061 #6691]  INFO -- : 0:  sdoc (0.4.0) from /home/alumno/.rvm/gems/ruby-2.1.0/specifications/sdoc-0.4.0.gemspec
I, [2014-05-07T16:25:41.891198 #6691]  INFO -- : 0:  sqlite3 (1.3.9) from /home/alumno/.rvm/gems/ruby-2.1.0/specifications/sqlite3-1.3.9.gemspec
I, [2014-05-07T16:25:41.892148 #6691]  INFO -- : 0:  turbolinks (2.2.1) from /home/alumno/.rvm/gems/ruby-2.1.0/specifications/turbolinks-2.2.1.gemspec
I, [2014-05-07T16:25:41.893140 #6691]  INFO -- : 0:  uglifier (2.5.0) from /home/alumno/.rvm/gems/ruby-2.1.0/specifications/uglifier-2.5.0.gemspec
I, [2014-05-07T16:34:10.241922 #6871]  INFO -- : 0:  rake (10.1.1) from /home/alumno/.rvm/gems/ruby-2.1.0/specifications/rake-10.1.1.gemspec
I, [2014-05-07T16:34:10.242524 #6871]  INFO -- : 0:  i18n (0.6.9) from /home/alumno/.rvm/gems/ruby-2.1.0/specifications/i18n-0.6.9.gemspec
I, [2014-05-07T16:34:10.308211 #6871]  INFO -- : 0:  minitest (4.7.5) from /home/alumno/.rvm/gems/ruby-2.1.0/specifications/minitest-4.7.5.gemspec
I, [2014-05-07T16:34:10.308863 #6871]  INFO -- : 0:  multi_json (1.9.0) from /home/alumno/.rvm/gems/ruby-2.1.0/specifications/multi_json-1.9.0.gemspec
I, [2014-05-07T16:34:10.309339 #6871]  INFO -- : 0:  atomic (1.1.16) from /home/alumno/.rvm/gems/ruby-2.1.0/specifications/atomic-1.1.16.gemspec
I, [2014-05-07T16:34:10.309776 #6871]  INFO -- : 0:  thread_safe (0.2.0) from /home/alumno/.rvm/gems/ruby-2.1.0/specifications/thread_safe-0.2.0.gemspec
I, [2014-05-07T16:34:10.310224 #6871]  INFO -- : 0:  tzinfo (0.3.39) from /home/alumno/.rvm/gems/ruby-2.1.0/specifications/tzinfo-0.3.39.gemspec
I, [2014-05-07T16:34:10.310650 #6871]  INFO -- : 0:  activesupport (4.0.4) from /home/alumno/.rvm/gems/ruby-2.1.0/specifications/activesupport-4.0.4.gemspec
I, [2014-05-07T16:34:10.311107 #6871]  INFO -- : 0:  builder (3.1.4) from /home/alumno/.rvm/gems/ruby-2.1.0/specifications/builder-3.1.4.gemspec
I, [2014-05-07T16:34:10.311535 #6871]  INFO -- : 0:  erubis (2.7.0) from /home/alumno/.rvm/gems/ruby-2.1.0/specifications/erubis-2.7.0.gemspec
I, [2014-05-07T16:34:10.311967 #6871]  INFO -- : 0:  rack (1.5.2) from /home/alumno/.rvm/gems/ruby-2.1.0/specifications/rack-1.5.2.gemspec
I, [2014-05-07T16:34:10.312417 #6871]  INFO -- : 0:  rack-test (0.6.2) from /home/alumno/.rvm/gems/ruby-2.1.0/specifications/rack-test-0.6.2.gemspec
I, [2014-05-07T16:34:10.312867 #6871]  INFO -- : 0:  actionpack (4.0.4) from /home/alumno/.rvm/gems/ruby-2.1.0/specifications/actionpack-4.0.4.gemspec
I, [2014-05-07T16:34:10.313345 #6871]  INFO -- : 0:  mime-types (1.25.1) from /home/alumno/.rvm/gems/ruby-2.1.0/specifications/mime-types-1.25.1.gemspec
I, [2014-05-07T16:34:10.316116 #6871]  INFO -- : 0:  polyglot (0.3.4) from /home/alumno/.rvm/gems/ruby-2.1.0/specifications/polyglot-0.3.4.gemspec
I, [2014-05-07T16:34:10.316523 #6871]  INFO -- : 0:  treetop (1.4.15) from /home/alumno/.rvm/gems/ruby-2.1.0/specifications/treetop-1.4.15.gemspec
I, [2014-05-07T16:34:10.316878 #6871]  INFO -- : 0:  mail (2.5.4) from /home/alumno/.rvm/gems/ruby-2.1.0/specifications/mail-2.5.4.gemspec
I, [2014-05-07T16:34:10.317233 #6871]  INFO -- : 0:  actionmailer (4.0.4) from /home/alumno/.rvm/gems/ruby-2.1.0/specifications/actionmailer-4.0.4.gemspec
I, [2014-05-07T16:34:10.317557 #6871]  INFO -- : 0:  activemodel (4.0.4) from /home/alumno/.rvm/gems/ruby-2.1.0/specifications/activemodel-4.0.4.gemspec
I, [2014-05-07T16:34:10.317898 #6871]  INFO -- : 0:  activerecord-deprecated_finders (1.0.3) from /home/alumno/.rvm/gems/ruby-2.1.0/specifications/activerecord-deprecated_finders-1.0.3.gemspec
I, [2014-05-07T16:34:10.318251 #6871]  INFO -- : 0:  arel (4.0.2) from /home/alumno/.rvm/gems/ruby-2.1.0/specifications/arel-4.0.2.gemspec
I, [2014-05-07T16:34:10.318554 #6871]  INFO -- : 0:  activerecord (4.0.4) from /home/alumno/.rvm/gems/ruby-2.1.0/specifications/activerecord-4.0.4.gemspec
I, [2014-05-07T16:34:10.318884 #6871]  INFO -- : 0:  bcrypt (3.1.7) from /home/alumno/.rvm/gems/ruby-2.1.0/specifications/bcrypt-3.1.7.gemspec
I, [2014-05-07T16:34:10.319222 #6871]  INFO -- : 0:  bundler (1.5.0) from /home/alumno/.rvm/gems/ruby-2.1.0@global/specifications/bundler-1.5.0.gemspec
I, [2014-05-07T16:34:10.319556 #6871]  INFO -- : 0:  coffee-script-source (1.7.0) from /home/alumno/.rvm/gems/ruby-2.1.0/specifications/coffee-script-source-1.7.0.gemspec
I, [2014-05-07T16:34:10.319878 #6871]  INFO -- : 0:  execjs (2.0.2) from /home/alumno/.rvm/gems/ruby-2.1.0/specifications/execjs-2.0.2.gemspec
I, [2014-05-07T16:34:10.320283 #6871]  INFO -- : 0:  coffee-script (2.2.0) from /home/alumno/.rvm/gems/ruby-2.1.0/specifications/coffee-script-2.2.0.gemspec
I, [2014-05-07T16:34:10.320630 #6871]  INFO -- : 0:  thor (0.18.1) from /home/alumno/.rvm/gems/ruby-2.1.0/specifications/thor-0.18.1.gemspec
I, [2014-05-07T16:34:10.320949 #6871]  INFO -- : 0:  railties (4.0.4) from /home/alumno/.rvm/gems/ruby-2.1.0/specifications/railties-4.0.4.gemspec
I, [2014-05-07T16:34:10.321289 #6871]  INFO -- : 0:  coffee-rails (4.0.1) from /home/alumno/.rvm/gems/ruby-2.1.0/specifications/coffee-rails-4.0.1.gemspec
I, [2014-05-07T16:34:10.321635 #6871]  INFO -- : 0:  orm_adapter (0.5.0) from /home/alumno/.rvm/gems/ruby-2.1.0/specifications/orm_adapter-0.5.0.gemspec
I, [2014-05-07T16:34:10.321949 #6871]  INFO -- : 0:  warden (1.2.3) from /home/alumno/.rvm/gems/ruby-2.1.0/specifications/warden-1.2.3.gemspec
I, [2014-05-07T16:34:10.322296 #6871]  INFO -- : 0:  devise (3.2.4) from /home/alumno/.rvm/gems/ruby-2.1.0/specifications/devise-3.2.4.gemspec
I, [2014-05-07T16:34:10.322670 #6871]  INFO -- : 0:  hike (1.2.3) from /home/alumno/.rvm/gems/ruby-2.1.0/specifications/hike-1.2.3.gemspec
I, [2014-05-07T16:34:10.323122 #6871]  INFO -- : 0:  jbuilder (1.5.3) from /home/alumno/.rvm/gems/ruby-2.1.0/specifications/jbuilder-1.5.3.gemspec
I, [2014-05-07T16:34:10.323429 #6871]  INFO -- : 0:  jquery-rails (3.1.0) from /home/alumno/.rvm/gems/ruby-2.1.0/specifications/jquery-rails-3.1.0.gemspec
I, [2014-05-07T16:34:11.477040 #6871]  INFO -- : 0:  json (1.8.1) from /home/alumno/.rvm/gems/ruby-2.1.0/specifications/json-1.8.1.gemspec
I, [2014-05-07T16:34:11.477683 #6871]  INFO -- : 0:  tilt (1.4.1) from /home/alumno/.rvm/gems/ruby-2.1.0/specifications/tilt-1.4.1.gemspec
I, [2014-05-07T16:34:11.478058 #6871]  INFO -- : 0:  sprockets (2.11.0) from /home/alumno/.rvm/gems/ruby-2.1.0/specifications/sprockets-2.11.0.gemspec
I, [2014-05-07T16:34:11.478511 #6871]  INFO -- : 0:  sprockets-rails (2.0.1) from /home/alumno/.rvm/gems/ruby-2.1.0/specifications/sprockets-rails-2.0.1.gemspec
I, [2014-05-07T16:34:11.478892 #6871]  INFO -- : 0:  rails (4.0.4) from /home/alumno/.rvm/gems/ruby-2.1.0/specifications/rails-4.0.4.gemspec
I, [2014-05-07T16:34:11.479297 #6871]  INFO -- : 0:  rdoc (4.1.1) from /home/alumno/.rvm/gems/ruby-2.1.0/specifications/rdoc-4.1.1.gemspec
I, [2014-05-07T16:34:11.479681 #6871]  INFO -- : 0:  sass (3.2.16) from /home/alumno/.rvm/gems/ruby-2.1.0/specifications/sass-3.2.16.gemspec
I, [2014-05-07T16:34:11.480067 #6871]  INFO -- : 0:  sass-rails (4.0.2) from /home/alumno/.rvm/gems/ruby-2.1.0/specifications/sass-rails-4.0.2.gemspec
I, [2014-05-07T16:34:11.480512 #6871]  INFO -- : 0:  sdoc (0.4.0) from /home/alumno/.rvm/gems/ruby-2.1.0/specifications/sdoc-0.4.0.gemspec
I, [2014-05-07T16:34:11.480888 #6871]  INFO -- : 0:  sqlite3 (1.3.9) from /home/alumno/.rvm/gems/ruby-2.1.0/specifications/sqlite3-1.3.9.gemspec
I, [2014-05-07T16:34:11.481298 #6871]  INFO -- : 0:  turbolinks (2.2.1) from /home/alumno/.rvm/gems/ruby-2.1.0/specifications/turbolinks-2.2.1.gemspec
I, [2014-05-07T16:34:11.695992 #6871]  INFO -- : 0:  twitter-bootstrap-rails (3.1.1) from /home/alumno/.rvm/gems/ruby-2.1.0/bundler/gems/twitter-bootstrap-rails-128f373e1515/twitter-bootstrap-rails.gemspec
I, [2014-05-07T16:34:11.696623 #6871]  INFO -- : 0:  uglifier (2.5.0) from /home/alumno/.rvm/gems/ruby-2.1.0/specifications/uglifier-2.5.0.gemspec
I, [2014-06-04T15:43:54.251293 #2812]  INFO -- : 0:  rake (10.1.1) from /home/alumno/.rvm/gems/ruby-2.1.0/specifications/rake-10.1.1.gemspec
I, [2014-06-04T15:43:54.260764 #2812]  INFO -- : 0:  i18n (0.6.9) from /home/alumno/.rvm/gems/ruby-2.1.0/specifications/i18n-0.6.9.gemspec
I, [2014-06-04T15:43:54.413494 #2812]  INFO -- : 0:  minitest (4.7.5) from /home/alumno/.rvm/gems/ruby-2.1.0/specifications/minitest-4.7.5.gemspec
I, [2014-06-04T15:43:54.414603 #2812]  INFO -- : 0:  multi_json (1.9.0) from /home/alumno/.rvm/gems/ruby-2.1.0/specifications/multi_json-1.9.0.gemspec
I, [2014-06-04T15:43:54.415442 #2812]  INFO -- : 0:  atomic (1.1.16) from /home/alumno/.rvm/gems/ruby-2.1.0/specifications/atomic-1.1.16.gemspec
I, [2014-06-04T15:43:54.416271 #2812]  INFO -- : 0:  thread_safe (0.2.0) from /home/alumno/.rvm/gems/ruby-2.1.0/specifications/thread_safe-0.2.0.gemspec
I, [2014-06-04T15:43:54.416569 #2812]  INFO -- : 0:  tzinfo (0.3.39) from /home/alumno/.rvm/gems/ruby-2.1.0/specifications/tzinfo-0.3.39.gemspec
I, [2014-06-04T15:43:54.416883 #2812]  INFO -- : 0:  activesupport (4.0.4) from /home/alumno/.rvm/gems/ruby-2.1.0/specifications/activesupport-4.0.4.gemspec
I, [2014-06-04T15:43:54.417242 #2812]  INFO -- : 0:  builder (3.1.4) from /home/alumno/.rvm/gems/ruby-2.1.0/specifications/builder-3.1.4.gemspec
I, [2014-06-04T15:43:54.417559 #2812]  INFO -- : 0:  erubis (2.7.0) from /home/alumno/.rvm/gems/ruby-2.1.0/specifications/erubis-2.7.0.gemspec
I, [2014-06-04T15:43:54.417852 #2812]  INFO -- : 0:  rack (1.5.2) from /home/alumno/.rvm/gems/ruby-2.1.0/specifications/rack-1.5.2.gemspec
I, [2014-06-04T15:43:54.418217 #2812]  INFO -- : 0:  rack-test (0.6.2) from /home/alumno/.rvm/gems/ruby-2.1.0/specifications/rack-test-0.6.2.gemspec
I, [2014-06-04T15:43:54.418527 #2812]  INFO -- : 0:  actionpack (4.0.4) from /home/alumno/.rvm/gems/ruby-2.1.0/specifications/actionpack-4.0.4.gemspec
I, [2014-06-04T15:43:54.418826 #2812]  INFO -- : 0:  mime-types (1.25.1) from /home/alumno/.rvm/gems/ruby-2.1.0/specifications/mime-types-1.25.1.gemspec
I, [2014-06-04T15:43:54.419186 #2812]  INFO -- : 0:  polyglot (0.3.4) from /home/alumno/.rvm/gems/ruby-2.1.0/specifications/polyglot-0.3.4.gemspec
I, [2014-06-04T15:43:54.419486 #2812]  INFO -- : 0:  treetop (1.4.15) from /home/alumno/.rvm/gems/ruby-2.1.0/specifications/treetop-1.4.15.gemspec
I, [2014-06-04T15:43:54.419785 #2812]  INFO -- : 0:  mail (2.5.4) from /home/alumno/.rvm/gems/ruby-2.1.0/specifications/mail-2.5.4.gemspec
I, [2014-06-04T15:43:54.420124 #2812]  INFO -- : 0:  actionmailer (4.0.4) from /home/alumno/.rvm/gems/ruby-2.1.0/specifications/actionmailer-4.0.4.gemspec
I, [2014-06-04T15:43:54.420424 #2812]  INFO -- : 0:  activemodel (4.0.4) from /home/alumno/.rvm/gems/ruby-2.1.0/specifications/activemodel-4.0.4.gemspec
I, [2014-06-04T15:43:54.420725 #2812]  INFO -- : 0:  activerecord-deprecated_finders (1.0.3) from /home/alumno/.rvm/gems/ruby-2.1.0/specifications/activerecord-deprecated_finders-1.0.3.gemspec
I, [2014-06-04T15:43:54.421018 #2812]  INFO -- : 0:  arel (4.0.2) from /home/alumno/.rvm/gems/ruby-2.1.0/specifications/arel-4.0.2.gemspec
I, [2014-06-04T15:43:54.421377 #2812]  INFO -- : 0:  activerecord (4.0.4) from /home/alumno/.rvm/gems/ruby-2.1.0/specifications/activerecord-4.0.4.gemspec
I, [2014-06-04T15:43:54.421678 #2812]  INFO -- : 0:  bcrypt (3.1.7) from /home/alumno/.rvm/gems/ruby-2.1.0/specifications/bcrypt-3.1.7.gemspec
I, [2014-06-04T15:43:54.421977 #2812]  INFO -- : 0:  coffee-script-source (1.7.0) from /home/alumno/.rvm/gems/ruby-2.1.0/specifications/coffee-script-source-1.7.0.gemspec
I, [2014-06-04T15:43:54.422345 #2812]  INFO -- : 0:  execjs (2.0.2) from /home/alumno/.rvm/gems/ruby-2.1.0/specifications/execjs-2.0.2.gemspec
I, [2014-06-04T15:43:54.422635 #2812]  INFO -- : 0:  coffee-script (2.2.0) from /home/alumno/.rvm/gems/ruby-2.1.0/specifications/coffee-script-2.2.0.gemspec
I, [2014-06-04T15:43:54.422924 #2812]  INFO -- : 0:  thor (0.18.1) from /home/alumno/.rvm/gems/ruby-2.1.0/specifications/thor-0.18.1.gemspec
I, [2014-06-04T15:43:54.423283 #2812]  INFO -- : 0:  railties (4.0.4) from /home/alumno/.rvm/gems/ruby-2.1.0/specifications/railties-4.0.4.gemspec
I, [2014-06-04T15:43:54.423581 #2812]  INFO -- : 0:  coffee-rails (4.0.1) from /home/alumno/.rvm/gems/ruby-2.1.0/specifications/coffee-rails-4.0.1.gemspec
I, [2014-06-04T15:43:54.423898 #2812]  INFO -- : 0:  orm_adapter (0.5.0) from /home/alumno/.rvm/gems/ruby-2.1.0/specifications/orm_adapter-0.5.0.gemspec
I, [2014-06-04T15:43:54.424299 #2812]  INFO -- : 0:  warden (1.2.3) from /home/alumno/.rvm/gems/ruby-2.1.0/specifications/warden-1.2.3.gemspec
I, [2014-06-04T15:43:54.424584 #2812]  INFO -- : 0:  devise (3.2.4) from /home/alumno/.rvm/gems/ruby-2.1.0/specifications/devise-3.2.4.gemspec
I, [2014-06-04T15:43:54.424891 #2812]  INFO -- : 0:  hike (1.2.3) from /home/alumno/.rvm/gems/ruby-2.1.0/specifications/hike-1.2.3.gemspec
I, [2014-06-04T15:43:54.425234 #2812]  INFO -- : 0:  jbuilder (1.5.3) from /home/alumno/.rvm/gems/ruby-2.1.0/specifications/jbuilder-1.5.3.gemspec
I, [2014-06-04T15:43:54.425544 #2812]  INFO -- : 0:  jquery-rails (3.1.0) from /home/alumno/.rvm/gems/ruby-2.1.0/specifications/jquery-rails-3.1.0.gemspec
I, [2014-06-04T15:43:56.583875 #2812]  INFO -- : 0:  json (1.8.1) from /home/alumno/.rvm/gems/ruby-2.1.0/specifications/json-1.8.1.gemspec
I, [2014-06-04T15:43:56.584443 #2812]  INFO -- : 0:  bundler (1.5.0) from /home/alumno/.rvm/gems/ruby-2.1.0@global/specifications/bundler-1.5.0.gemspec
I, [2014-06-04T15:43:56.584894 #2812]  INFO -- : 0:  tilt (1.4.1) from /home/alumno/.rvm/gems/ruby-2.1.0/specifications/tilt-1.4.1.gemspec
I, [2014-06-04T15:43:56.585332 #2812]  INFO -- : 0:  sprockets (2.11.0) from /home/alumno/.rvm/gems/ruby-2.1.0/specifications/sprockets-2.11.0.gemspec
I, [2014-06-04T15:43:56.585698 #2812]  INFO -- : 0:  sprockets-rails (2.0.1) from /home/alumno/.rvm/gems/ruby-2.1.0/specifications/sprockets-rails-2.0.1.gemspec
I, [2014-06-04T15:43:56.586089 #2812]  INFO -- : 0:  rails (4.0.4) from /home/alumno/.rvm/gems/ruby-2.1.0/specifications/rails-4.0.4.gemspec
I, [2014-06-04T15:43:56.586503 #2812]  INFO -- : 0:  rdoc (4.1.1) from /home/alumno/.rvm/gems/ruby-2.1.0/specifications/rdoc-4.1.1.gemspec
I, [2014-06-04T15:43:56.586898 #2812]  INFO -- : 0:  sass (3.2.16) from /home/alumno/.rvm/gems/ruby-2.1.0/specifications/sass-3.2.16.gemspec
I, [2014-06-04T15:43:56.587290 #2812]  INFO -- : 0:  sass-rails (4.0.2) from /home/alumno/.rvm/gems/ruby-2.1.0/specifications/sass-rails-4.0.2.gemspec
I, [2014-06-04T15:43:56.587654 #2812]  INFO -- : 0:  sdoc (0.4.0) from /home/alumno/.rvm/gems/ruby-2.1.0/specifications/sdoc-0.4.0.gemspec
I, [2014-06-04T15:43:56.588090 #2812]  INFO -- : 0:  sqlite3 (1.3.9) from /home/alumno/.rvm/gems/ruby-2.1.0/specifications/sqlite3-1.3.9.gemspec
I, [2014-06-04T15:43:56.588467 #2812]  INFO -- : 0:  turbolinks (2.2.1) from /home/alumno/.rvm/gems/ruby-2.1.0/specifications/turbolinks-2.2.1.gemspec
I, [2014-06-04T15:43:56.996869 #2812]  INFO -- : 0:  twitter-bootstrap-rails (3.1.1) from /home/alumno/.rvm/gems/ruby-2.1.0/bundler/gems/twitter-bootstrap-rails-128f373e1515/twitter-bootstrap-rails.gemspec
I, [2014-06-04T15:43:56.997965 #2812]  INFO -- : 0:  uglifier (2.5.0) from /home/alumno/.rvm/gems/ruby-2.1.0/specifications/uglifier-2.5.0.gemspec
I, [2014-06-04T16:01:29.986873 #3007]  INFO -- : 0:  rake (10.1.1) from /home/alumno/.rvm/gems/ruby-2.1.0/specifications/rake-10.1.1.gemspec
I, [2014-06-04T16:01:29.987260 #3007]  INFO -- : 0:  i18n (0.6.9) from /home/alumno/.rvm/gems/ruby-2.1.0/specifications/i18n-0.6.9.gemspec
I, [2014-06-04T16:01:30.111057 #3007]  INFO -- : 0:  minitest (4.7.5) from /home/alumno/.rvm/gems/ruby-2.1.0/specifications/minitest-4.7.5.gemspec
I, [2014-06-04T16:01:30.112026 #3007]  INFO -- : 0:  multi_json (1.9.0) from /home/alumno/.rvm/gems/ruby-2.1.0/specifications/multi_json-1.9.0.gemspec
I, [2014-06-04T16:01:30.112769 #3007]  INFO -- : 0:  atomic (1.1.16) from /home/alumno/.rvm/gems/ruby-2.1.0/specifications/atomic-1.1.16.gemspec
I, [2014-06-04T16:01:30.113528 #3007]  INFO -- : 0:  thread_safe (0.2.0) from /home/alumno/.rvm/gems/ruby-2.1.0/specifications/thread_safe-0.2.0.gemspec
I, [2014-06-04T16:01:30.114297 #3007]  INFO -- : 0:  tzinfo (0.3.39) from /home/alumno/.rvm/gems/ruby-2.1.0/specifications/tzinfo-0.3.39.gemspec
I, [2014-06-04T16:01:30.115087 #3007]  INFO -- : 0:  activesupport (4.0.4) from /home/alumno/.rvm/gems/ruby-2.1.0/specifications/activesupport-4.0.4.gemspec
I, [2014-06-04T16:01:30.115912 #3007]  INFO -- : 0:  builder (3.1.4) from /home/alumno/.rvm/gems/ruby-2.1.0/specifications/builder-3.1.4.gemspec
I, [2014-06-04T16:01:30.116422 #3007]  INFO -- : 0:  erubis (2.7.0) from /home/alumno/.rvm/gems/ruby-2.1.0/specifications/erubis-2.7.0.gemspec
I, [2014-06-04T16:01:30.116707 #3007]  INFO -- : 0:  rack (1.5.2) from /home/alumno/.rvm/gems/ruby-2.1.0/specifications/rack-1.5.2.gemspec
I, [2014-06-04T16:01:30.117041 #3007]  INFO -- : 0:  rack-test (0.6.2) from /home/alumno/.rvm/gems/ruby-2.1.0/specifications/rack-test-0.6.2.gemspec
I, [2014-06-04T16:01:30.117354 #3007]  INFO -- : 0:  actionpack (4.0.4) from /home/alumno/.rvm/gems/ruby-2.1.0/specifications/actionpack-4.0.4.gemspec
I, [2014-06-04T16:01:30.117646 #3007]  INFO -- : 0:  mime-types (1.25.1) from /home/alumno/.rvm/gems/ruby-2.1.0/specifications/mime-types-1.25.1.gemspec
I, [2014-06-04T16:01:30.117978 #3007]  INFO -- : 0:  polyglot (0.3.4) from /home/alumno/.rvm/gems/ruby-2.1.0/specifications/polyglot-0.3.4.gemspec
I, [2014-06-04T16:01:30.118291 #3007]  INFO -- : 0:  treetop (1.4.15) from /home/alumno/.rvm/gems/ruby-2.1.0/specifications/treetop-1.4.15.gemspec
I, [2014-06-04T16:01:30.118580 #3007]  INFO -- : 0:  mail (2.5.4) from /home/alumno/.rvm/gems/ruby-2.1.0/specifications/mail-2.5.4.gemspec
I, [2014-06-04T16:01:30.118912 #3007]  INFO -- : 0:  actionmailer (4.0.4) from /home/alumno/.rvm/gems/ruby-2.1.0/specifications/actionmailer-4.0.4.gemspec
I, [2014-06-04T16:01:30.119205 #3007]  INFO -- : 0:  activemodel (4.0.4) from /home/alumno/.rvm/gems/ruby-2.1.0/specifications/activemodel-4.0.4.gemspec
I, [2014-06-04T16:01:30.119517 #3007]  INFO -- : 0:  activerecord-deprecated_finders (1.0.3) from /home/alumno/.rvm/gems/ruby-2.1.0/specifications/activerecord-deprecated_finders-1.0.3.gemspec
I, [2014-06-04T16:01:30.119858 #3007]  INFO -- : 0:  arel (4.0.2) from /home/alumno/.rvm/gems/ruby-2.1.0/specifications/arel-4.0.2.gemspec
I, [2014-06-04T16:01:30.120160 #3007]  INFO -- : 0:  activerecord (4.0.4) from /home/alumno/.rvm/gems/ruby-2.1.0/specifications/activerecord-4.0.4.gemspec
I, [2014-06-04T16:01:30.120452 #3007]  INFO -- : 0:  bcrypt (3.1.7) from /home/alumno/.rvm/gems/ruby-2.1.0/specifications/bcrypt-3.1.7.gemspec
I, [2014-06-04T16:01:30.120754 #3007]  INFO -- : 0:  coffee-script-source (1.7.0) from /home/alumno/.rvm/gems/ruby-2.1.0/specifications/coffee-script-source-1.7.0.gemspec
I, [2014-06-04T16:01:30.121105 #3007]  INFO -- : 0:  execjs (2.0.2) from /home/alumno/.rvm/gems/ruby-2.1.0/specifications/execjs-2.0.2.gemspec
I, [2014-06-04T16:01:30.121391 #3007]  INFO -- : 0:  coffee-script (2.2.0) from /home/alumno/.rvm/gems/ruby-2.1.0/specifications/coffee-script-2.2.0.gemspec
I, [2014-06-04T16:01:30.121672 #3007]  INFO -- : 0:  thor (0.18.1) from /home/alumno/.rvm/gems/ruby-2.1.0/specifications/thor-0.18.1.gemspec
I, [2014-06-04T16:01:30.122044 #3007]  INFO -- : 0:  railties (4.0.4) from /home/alumno/.rvm/gems/ruby-2.1.0/specifications/railties-4.0.4.gemspec
I, [2014-06-04T16:01:30.122339 #3007]  INFO -- : 0:  coffee-rails (4.0.1) from /home/alumno/.rvm/gems/ruby-2.1.0/specifications/coffee-rails-4.0.1.gemspec
I, [2014-06-04T16:01:30.122631 #3007]  INFO -- : 0:  orm_adapter (0.5.0) from /home/alumno/.rvm/gems/ruby-2.1.0/specifications/orm_adapter-0.5.0.gemspec
I, [2014-06-04T16:01:30.122919 #3007]  INFO -- : 0:  warden (1.2.3) from /home/alumno/.rvm/gems/ruby-2.1.0/specifications/warden-1.2.3.gemspec
I, [2014-06-04T16:01:30.123222 #3007]  INFO -- : 0:  devise (3.2.4) from /home/alumno/.rvm/gems/ruby-2.1.0/specifications/devise-3.2.4.gemspec
I, [2014-06-04T16:01:30.123516 #3007]  INFO -- : 0:  hike (1.2.3) from /home/alumno/.rvm/gems/ruby-2.1.0/specifications/hike-1.2.3.gemspec
I, [2014-06-04T16:01:30.123873 #3007]  INFO -- : 0:  jbuilder (1.5.3) from /home/alumno/.rvm/gems/ruby-2.1.0/specifications/jbuilder-1.5.3.gemspec
I, [2014-06-04T16:01:30.124207 #3007]  INFO -- : 0:  jquery-rails (3.1.0) from /home/alumno/.rvm/gems/ruby-2.1.0/specifications/jquery-rails-3.1.0.gemspec
I, [2014-06-04T16:01:31.221751 #3007]  INFO -- : 0:  json (1.8.1) from /home/alumno/.rvm/gems/ruby-2.1.0/specifications/json-1.8.1.gemspec
I, [2014-06-04T16:01:31.222499 #3007]  INFO -- : 0:  bundler (1.5.0) from /home/alumno/.rvm/gems/ruby-2.1.0@global/specifications/bundler-1.5.0.gemspec
I, [2014-06-04T16:01:31.223078 #3007]  INFO -- : 0:  tilt (1.4.1) from /home/alumno/.rvm/gems/ruby-2.1.0/specifications/tilt-1.4.1.gemspec
I, [2014-06-04T16:01:31.223703 #3007]  INFO -- : 0:  sprockets (2.11.0) from /home/alumno/.rvm/gems/ruby-2.1.0/specifications/sprockets-2.11.0.gemspec
I, [2014-06-04T16:01:31.224299 #3007]  INFO -- : 0:  sprockets-rails (2.0.1) from /home/alumno/.rvm/gems/ruby-2.1.0/specifications/sprockets-rails-2.0.1.gemspec
I, [2014-06-04T16:01:31.224898 #3007]  INFO -- : 0:  rails (4.0.4) from /home/alumno/.rvm/gems/ruby-2.1.0/specifications/rails-4.0.4.gemspec
I, [2014-06-04T16:01:31.225517 #3007]  INFO -- : 0:  rdoc (4.1.1) from /home/alumno/.rvm/gems/ruby-2.1.0/specifications/rdoc-4.1.1.gemspec
I, [2014-06-04T16:01:31.226105 #3007]  INFO -- : 0:  sass (3.2.16) from /home/alumno/.rvm/gems/ruby-2.1.0/specifications/sass-3.2.16.gemspec
I, [2014-06-04T16:01:31.226690 #3007]  INFO -- : 0:  sass-rails (4.0.2) from /home/alumno/.rvm/gems/ruby-2.1.0/specifications/sass-rails-4.0.2.gemspec
I, [2014-06-04T16:01:31.227297 #3007]  INFO -- : 0:  sdoc (0.4.0) from /home/alumno/.rvm/gems/ruby-2.1.0/specifications/sdoc-0.4.0.gemspec
I, [2014-06-04T16:01:31.227989 #3007]  INFO -- : 0:  sqlite3 (1.3.9) from /home/alumno/.rvm/gems/ruby-2.1.0/specifications/sqlite3-1.3.9.gemspec
I, [2014-06-04T16:01:31.228714 #3007]  INFO -- : 0:  turbolinks (2.2.1) from /home/alumno/.rvm/gems/ruby-2.1.0/specifications/turbolinks-2.2.1.gemspec
I, [2014-06-04T16:01:31.410178 #3007]  INFO -- : 0:  twitter-bootstrap-rails (3.1.1) from /home/alumno/.rvm/gems/ruby-2.1.0/bundler/gems/twitter-bootstrap-rails-128f373e1515/twitter-bootstrap-rails.gemspec
I, [2014-06-04T16:01:31.410560 #3007]  INFO -- : 0:  uglifier (2.5.0) from /home/alumno/.rvm/gems/ruby-2.1.0/specifications/uglifier-2.5.0.gemspec
I, [2014-06-04T16:14:57.727708 #3481]  INFO -- : 0:  rake (10.1.1) from /home/alumno/.rvm/gems/ruby-2.1.0/specifications/rake-10.1.1.gemspec
I, [2014-06-04T16:14:57.728098 #3481]  INFO -- : 0:  i18n (0.6.9) from /home/alumno/.rvm/gems/ruby-2.1.0/specifications/i18n-0.6.9.gemspec
I, [2014-06-04T16:14:57.819970 #3481]  INFO -- : 0:  minitest (4.7.5) from /home/alumno/.rvm/gems/ruby-2.1.0/specifications/minitest-4.7.5.gemspec
I, [2014-06-04T16:14:57.821111 #3481]  INFO -- : 0:  multi_json (1.9.0) from /home/alumno/.rvm/gems/ruby-2.1.0/specifications/multi_json-1.9.0.gemspec
I, [2014-06-04T16:14:57.821917 #3481]  INFO -- : 0:  atomic (1.1.16) from /home/alumno/.rvm/gems/ruby-2.1.0/specifications/atomic-1.1.16.gemspec
I, [2014-06-04T16:14:57.822601 #3481]  INFO -- : 0:  thread_safe (0.2.0) from /home/alumno/.rvm/gems/ruby-2.1.0/specifications/thread_safe-0.2.0.gemspec
I, [2014-06-04T16:14:57.823517 #3481]  INFO -- : 0:  tzinfo (0.3.39) from /home/alumno/.rvm/gems/ruby-2.1.0/specifications/tzinfo-0.3.39.gemspec
I, [2014-06-04T16:14:57.824388 #3481]  INFO -- : 0:  activesupport (4.0.4) from /home/alumno/.rvm/gems/ruby-2.1.0/specifications/activesupport-4.0.4.gemspec
I, [2014-06-04T16:14:57.825207 #3481]  INFO -- : 0:  builder (3.1.4) from /home/alumno/.rvm/gems/ruby-2.1.0/specifications/builder-3.1.4.gemspec
I, [2014-06-04T16:14:57.826037 #3481]  INFO -- : 0:  erubis (2.7.0) from /home/alumno/.rvm/gems/ruby-2.1.0/specifications/erubis-2.7.0.gemspec
I, [2014-06-04T16:14:57.826471 #3481]  INFO -- : 0:  rack (1.5.2) from /home/alumno/.rvm/gems/ruby-2.1.0/specifications/rack-1.5.2.gemspec
I, [2014-06-04T16:14:57.826778 #3481]  INFO -- : 0:  rack-test (0.6.2) from /home/alumno/.rvm/gems/ruby-2.1.0/specifications/rack-test-0.6.2.gemspec
I, [2014-06-04T16:14:57.827151 #3481]  INFO -- : 0:  actionpack (4.0.4) from /home/alumno/.rvm/gems/ruby-2.1.0/specifications/actionpack-4.0.4.gemspec
I, [2014-06-04T16:14:57.827619 #3481]  INFO -- : 0:  mime-types (1.25.1) from /home/alumno/.rvm/gems/ruby-2.1.0/specifications/mime-types-1.25.1.gemspec
I, [2014-06-04T16:14:57.828006 #3481]  INFO -- : 0:  polyglot (0.3.4) from /home/alumno/.rvm/gems/ruby-2.1.0/specifications/polyglot-0.3.4.gemspec
I, [2014-06-04T16:14:57.828325 #3481]  INFO -- : 0:  treetop (1.4.15) from /home/alumno/.rvm/gems/ruby-2.1.0/specifications/treetop-1.4.15.gemspec
I, [2014-06-04T16:14:57.828626 #3481]  INFO -- : 0:  mail (2.5.4) from /home/alumno/.rvm/gems/ruby-2.1.0/specifications/mail-2.5.4.gemspec
I, [2014-06-04T16:14:57.829001 #3481]  INFO -- : 0:  actionmailer (4.0.4) from /home/alumno/.rvm/gems/ruby-2.1.0/specifications/actionmailer-4.0.4.gemspec
I, [2014-06-04T16:14:57.829303 #3481]  INFO -- : 0:  activemodel (4.0.4) from /home/alumno/.rvm/gems/ruby-2.1.0/specifications/activemodel-4.0.4.gemspec
I, [2014-06-04T16:14:57.829606 #3481]  INFO -- : 0:  activerecord-deprecated_finders (1.0.3) from /home/alumno/.rvm/gems/ruby-2.1.0/specifications/activerecord-deprecated_finders-1.0.3.gemspec
I, [2014-06-04T16:14:57.829942 #3481]  INFO -- : 0:  arel (4.0.2) from /home/alumno/.rvm/gems/ruby-2.1.0/specifications/arel-4.0.2.gemspec
I, [2014-06-04T16:14:57.830271 #3481]  INFO -- : 0:  activerecord (4.0.4) from /home/alumno/.rvm/gems/ruby-2.1.0/specifications/activerecord-4.0.4.gemspec
I, [2014-06-04T16:14:57.830677 #3481]  INFO -- : 0:  bcrypt (3.1.7) from /home/alumno/.rvm/gems/ruby-2.1.0/specifications/bcrypt-3.1.7.gemspec
I, [2014-06-04T16:14:57.831065 #3481]  INFO -- : 0:  coffee-script-source (1.7.0) from /home/alumno/.rvm/gems/ruby-2.1.0/specifications/coffee-script-source-1.7.0.gemspec
I, [2014-06-04T16:14:57.831405 #3481]  INFO -- : 0:  execjs (2.0.2) from /home/alumno/.rvm/gems/ruby-2.1.0/specifications/execjs-2.0.2.gemspec
I, [2014-06-04T16:14:57.831698 #3481]  INFO -- : 0:  coffee-script (2.2.0) from /home/alumno/.rvm/gems/ruby-2.1.0/specifications/coffee-script-2.2.0.gemspec
I, [2014-06-04T16:14:57.832023 #3481]  INFO -- : 0:  thor (0.18.1) from /home/alumno/.rvm/gems/ruby-2.1.0/specifications/thor-0.18.1.gemspec
I, [2014-06-04T16:14:57.832339 #3481]  INFO -- : 0:  railties (4.0.4) from /home/alumno/.rvm/gems/ruby-2.1.0/specifications/railties-4.0.4.gemspec
I, [2014-06-04T16:14:57.832640 #3481]  INFO -- : 0:  coffee-rails (4.0.1) from /home/alumno/.rvm/gems/ruby-2.1.0/specifications/coffee-rails-4.0.1.gemspec
I, [2014-06-04T16:14:57.833002 #3481]  INFO -- : 0:  orm_adapter (0.5.0) from /home/alumno/.rvm/gems/ruby-2.1.0/specifications/orm_adapter-0.5.0.gemspec
I, [2014-06-04T16:14:57.833317 #3481]  INFO -- : 0:  warden (1.2.3) from /home/alumno/.rvm/gems/ruby-2.1.0/specifications/warden-1.2.3.gemspec
I, [2014-06-04T16:14:57.833600 #3481]  INFO -- : 0:  devise (3.2.4) from /home/alumno/.rvm/gems/ruby-2.1.0/specifications/devise-3.2.4.gemspec
I, [2014-06-04T16:14:57.833996 #3481]  INFO -- : 0:  hike (1.2.3) from /home/alumno/.rvm/gems/ruby-2.1.0/specifications/hike-1.2.3.gemspec
I, [2014-06-04T16:14:57.834320 #3481]  INFO -- : 0:  jbuilder (1.5.3) from /home/alumno/.rvm/gems/ruby-2.1.0/specifications/jbuilder-1.5.3.gemspec
I, [2014-06-04T16:14:57.834629 #3481]  INFO -- : 0:  jquery-rails (3.1.0) from /home/alumno/.rvm/gems/ruby-2.1.0/specifications/jquery-rails-3.1.0.gemspec
I, [2014-06-04T16:14:58.947629 #3481]  INFO -- : 0:  json (1.8.1) from /home/alumno/.rvm/gems/ruby-2.1.0/specifications/json-1.8.1.gemspec
I, [2014-06-04T16:14:58.948629 #3481]  INFO -- : 0:  bundler (1.5.0) from /home/alumno/.rvm/gems/ruby-2.1.0@global/specifications/bundler-1.5.0.gemspec
I, [2014-06-04T16:14:58.949473 #3481]  INFO -- : 0:  tilt (1.4.1) from /home/alumno/.rvm/gems/ruby-2.1.0/specifications/tilt-1.4.1.gemspec
I, [2014-06-04T16:14:58.950365 #3481]  INFO -- : 0:  sprockets (2.11.0) from /home/alumno/.rvm/gems/ruby-2.1.0/specifications/sprockets-2.11.0.gemspec
I, [2014-06-04T16:14:58.951216 #3481]  INFO -- : 0:  sprockets-rails (2.0.1) from /home/alumno/.rvm/gems/ruby-2.1.0/specifications/sprockets-rails-2.0.1.gemspec
I, [2014-06-04T16:14:58.952191 #3481]  INFO -- : 0:  rails (4.0.4) from /home/alumno/.rvm/gems/ruby-2.1.0/specifications/rails-4.0.4.gemspec
I, [2014-06-04T16:14:58.953475 #3481]  INFO -- : 0:  rdoc (4.1.1) from /home/alumno/.rvm/gems/ruby-2.1.0/specifications/rdoc-4.1.1.gemspec
I, [2014-06-04T16:14:58.954441 #3481]  INFO -- : 0:  sass (3.2.16) from /home/alumno/.rvm/gems/ruby-2.1.0/specifications/sass-3.2.16.gemspec
I, [2014-06-04T16:14:58.955211 #3481]  INFO -- : 0:  sass-rails (4.0.2) from /home/alumno/.rvm/gems/ruby-2.1.0/specifications/sass-rails-4.0.2.gemspec
I, [2014-06-04T16:14:58.956032 #3481]  INFO -- : 0:  sdoc (0.4.0) from /home/alumno/.rvm/gems/ruby-2.1.0/specifications/sdoc-0.4.0.gemspec
I, [2014-06-04T16:14:58.956692 #3481]  INFO -- : 0:  sqlite3 (1.3.9) from /home/alumno/.rvm/gems/ruby-2.1.0/specifications/sqlite3-1.3.9.gemspec
I, [2014-06-04T16:14:58.957030 #3481]  INFO -- : 0:  turbolinks (2.2.1) from /home/alumno/.rvm/gems/ruby-2.1.0/specifications/turbolinks-2.2.1.gemspec
I, [2014-06-04T16:14:59.140775 #3481]  INFO -- : 0:  twitter-bootstrap-rails (3.1.1) from /home/alumno/.rvm/gems/ruby-2.1.0/bundler/gems/twitter-bootstrap-rails-128f373e1515/twitter-bootstrap-rails.gemspec
I, [2014-06-04T16:14:59.141202 #3481]  INFO -- : 0:  uglifier (2.5.0) from /home/alumno/.rvm/gems/ruby-2.1.0/specifications/uglifier-2.5.0.gemspec
I, [2014-06-04T16:31:08.009944 #7284]  INFO -- : 0:  rake (10.1.1) from /home/alumno/.rvm/gems/ruby-2.1.0/specifications/rake-10.1.1.gemspec
I, [2014-06-04T16:31:08.010419 #7284]  INFO -- : 0:  i18n (0.6.9) from /home/alumno/.rvm/gems/ruby-2.1.0/specifications/i18n-0.6.9.gemspec
I, [2014-06-04T16:31:08.096856 #7284]  INFO -- : 0:  minitest (4.7.5) from /home/alumno/.rvm/gems/ruby-2.1.0/specifications/minitest-4.7.5.gemspec
I, [2014-06-04T16:31:08.097888 #7284]  INFO -- : 0:  multi_json (1.9.0) from /home/alumno/.rvm/gems/ruby-2.1.0/specifications/multi_json-1.9.0.gemspec
I, [2014-06-04T16:31:08.098725 #7284]  INFO -- : 0:  atomic (1.1.16) from /home/alumno/.rvm/gems/ruby-2.1.0/specifications/atomic-1.1.16.gemspec
I, [2014-06-04T16:31:08.099533 #7284]  INFO -- : 0:  thread_safe (0.2.0) from /home/alumno/.rvm/gems/ruby-2.1.0/specifications/thread_safe-0.2.0.gemspec
I, [2014-06-04T16:31:08.100312 #7284]  INFO -- : 0:  tzinfo (0.3.39) from /home/alumno/.rvm/gems/ruby-2.1.0/specifications/tzinfo-0.3.39.gemspec
I, [2014-06-04T16:31:08.101015 #7284]  INFO -- : 0:  activesupport (4.0.4) from /home/alumno/.rvm/gems/ruby-2.1.0/specifications/activesupport-4.0.4.gemspec
I, [2014-06-04T16:31:08.101839 #7284]  INFO -- : 0:  builder (3.1.4) from /home/alumno/.rvm/gems/ruby-2.1.0/specifications/builder-3.1.4.gemspec
I, [2014-06-04T16:31:08.102654 #7284]  INFO -- : 0:  erubis (2.7.0) from /home/alumno/.rvm/gems/ruby-2.1.0/specifications/erubis-2.7.0.gemspec
I, [2014-06-04T16:31:08.103457 #7284]  INFO -- : 0:  rack (1.5.2) from /home/alumno/.rvm/gems/ruby-2.1.0/specifications/rack-1.5.2.gemspec
I, [2014-06-04T16:31:08.104273 #7284]  INFO -- : 0:  rack-test (0.6.2) from /home/alumno/.rvm/gems/ruby-2.1.0/specifications/rack-test-0.6.2.gemspec
I, [2014-06-04T16:31:08.104999 #7284]  INFO -- : 0:  actionpack (4.0.4) from /home/alumno/.rvm/gems/ruby-2.1.0/specifications/actionpack-4.0.4.gemspec
I, [2014-06-04T16:31:08.105802 #7284]  INFO -- : 0:  mime-types (1.25.1) from /home/alumno/.rvm/gems/ruby-2.1.0/specifications/mime-types-1.25.1.gemspec
I, [2014-06-04T16:31:08.106440 #7284]  INFO -- : 0:  polyglot (0.3.4) from /home/alumno/.rvm/gems/ruby-2.1.0/specifications/polyglot-0.3.4.gemspec
I, [2014-06-04T16:31:08.106737 #7284]  INFO -- : 0:  treetop (1.4.15) from /home/alumno/.rvm/gems/ruby-2.1.0/specifications/treetop-1.4.15.gemspec
I, [2014-06-04T16:31:08.107031 #7284]  INFO -- : 0:  mail (2.5.4) from /home/alumno/.rvm/gems/ruby-2.1.0/specifications/mail-2.5.4.gemspec
I, [2014-06-04T16:31:08.107427 #7284]  INFO -- : 0:  actionmailer (4.0.4) from /home/alumno/.rvm/gems/ruby-2.1.0/specifications/actionmailer-4.0.4.gemspec
I, [2014-06-04T16:31:08.107708 #7284]  INFO -- : 0:  activemodel (4.0.4) from /home/alumno/.rvm/gems/ruby-2.1.0/specifications/activemodel-4.0.4.gemspec
I, [2014-06-04T16:31:08.108010 #7284]  INFO -- : 0:  activerecord-deprecated_finders (1.0.3) from /home/alumno/.rvm/gems/ruby-2.1.0/specifications/activerecord-deprecated_finders-1.0.3.gemspec
I, [2014-06-04T16:31:08.108352 #7284]  INFO -- : 0:  arel (4.0.2) from /home/alumno/.rvm/gems/ruby-2.1.0/specifications/arel-4.0.2.gemspec
I, [2014-06-04T16:31:08.108658 #7284]  INFO -- : 0:  activerecord (4.0.4) from /home/alumno/.rvm/gems/ruby-2.1.0/specifications/activerecord-4.0.4.gemspec
I, [2014-06-04T16:31:08.108954 #7284]  INFO -- : 0:  bcrypt (3.1.7) from /home/alumno/.rvm/gems/ruby-2.1.0/specifications/bcrypt-3.1.7.gemspec
I, [2014-06-04T16:31:08.109312 #7284]  INFO -- : 0:  coffee-script-source (1.7.0) from /home/alumno/.rvm/gems/ruby-2.1.0/specifications/coffee-script-source-1.7.0.gemspec
I, [2014-06-04T16:31:08.110724 #7284]  INFO -- : 0:  execjs (2.0.2) from /home/alumno/.rvm/gems/ruby-2.1.0/specifications/execjs-2.0.2.gemspec
I, [2014-06-04T16:31:08.111403 #7284]  INFO -- : 0:  coffee-script (2.2.0) from /home/alumno/.rvm/gems/ruby-2.1.0/specifications/coffee-script-2.2.0.gemspec
I, [2014-06-04T16:31:08.112210 #7284]  INFO -- : 0:  thor (0.18.1) from /home/alumno/.rvm/gems/ruby-2.1.0/specifications/thor-0.18.1.gemspec
I, [2014-06-04T16:31:08.112996 #7284]  INFO -- : 0:  railties (4.0.4) from /home/alumno/.rvm/gems/ruby-2.1.0/specifications/railties-4.0.4.gemspec
I, [2014-06-04T16:31:08.113693 #7284]  INFO -- : 0:  coffee-rails (4.0.1) from /home/alumno/.rvm/gems/ruby-2.1.0/specifications/coffee-rails-4.0.1.gemspec
I, [2014-06-04T16:31:08.114535 #7284]  INFO -- : 0:  orm_adapter (0.5.0) from /home/alumno/.rvm/gems/ruby-2.1.0/specifications/orm_adapter-0.5.0.gemspec
I, [2014-06-04T16:31:08.115331 #7284]  INFO -- : 0:  warden (1.2.3) from /home/alumno/.rvm/gems/ruby-2.1.0/specifications/warden-1.2.3.gemspec
I, [2014-06-04T16:31:08.116179 #7284]  INFO -- : 0:  devise (3.2.4) from /home/alumno/.rvm/gems/ruby-2.1.0/specifications/devise-3.2.4.gemspec
I, [2014-06-04T16:31:08.116512 #7284]  INFO -- : 0:  hike (1.2.3) from /home/alumno/.rvm/gems/ruby-2.1.0/specifications/hike-1.2.3.gemspec
I, [2014-06-04T16:31:08.116798 #7284]  INFO -- : 0:  jbuilder (1.5.3) from /home/alumno/.rvm/gems/ruby-2.1.0/specifications/jbuilder-1.5.3.gemspec
I, [2014-06-04T16:31:08.117165 #7284]  INFO -- : 0:  jquery-rails (3.1.0) from /home/alumno/.rvm/gems/ruby-2.1.0/specifications/jquery-rails-3.1.0.gemspec
I, [2014-06-04T16:31:09.258192 #7284]  INFO -- : 0:  json (1.8.1) from /home/alumno/.rvm/gems/ruby-2.1.0/specifications/json-1.8.1.gemspec
I, [2014-06-04T16:31:09.259195 #7284]  INFO -- : 0:  bundler (1.5.0) from /home/alumno/.rvm/gems/ruby-2.1.0@global/specifications/bundler-1.5.0.gemspec
I, [2014-06-04T16:31:09.259909 #7284]  INFO -- : 0:  tilt (1.4.1) from /home/alumno/.rvm/gems/ruby-2.1.0/specifications/tilt-1.4.1.gemspec
I, [2014-06-04T16:31:09.260791 #7284]  INFO -- : 0:  sprockets (2.11.0) from /home/alumno/.rvm/gems/ruby-2.1.0/specifications/sprockets-2.11.0.gemspec
I, [2014-06-04T16:31:09.261784 #7284]  INFO -- : 0:  sprockets-rails (2.0.1) from /home/alumno/.rvm/gems/ruby-2.1.0/specifications/sprockets-rails-2.0.1.gemspec
I, [2014-06-04T16:31:09.262674 #7284]  INFO -- : 0:  rails (4.0.4) from /home/alumno/.rvm/gems/ruby-2.1.0/specifications/rails-4.0.4.gemspec
I, [2014-06-04T16:31:09.263616 #7284]  INFO -- : 0:  rdoc (4.1.1) from /home/alumno/.rvm/gems/ruby-2.1.0/specifications/rdoc-4.1.1.gemspec
I, [2014-06-04T16:31:09.264527 #7284]  INFO -- : 0:  sass (3.2.16) from /home/alumno/.rvm/gems/ruby-2.1.0/specifications/sass-3.2.16.gemspec
I, [2014-06-04T16:31:09.265422 #7284]  INFO -- : 0:  sass-rails (4.0.2) from /home/alumno/.rvm/gems/ruby-2.1.0/specifications/sass-rails-4.0.2.gemspec
I, [2014-06-04T16:31:09.266333 #7284]  INFO -- : 0:  sdoc (0.4.0) from /home/alumno/.rvm/gems/ruby-2.1.0/specifications/sdoc-0.4.0.gemspec
I, [2014-06-04T16:31:09.267340 #7284]  INFO -- : 0:  sqlite3 (1.3.9) from /home/alumno/.rvm/gems/ruby-2.1.0/specifications/sqlite3-1.3.9.gemspec
I, [2014-06-04T16:31:09.268220 #7284]  INFO -- : 0:  turbolinks (2.2.1) from /home/alumno/.rvm/gems/ruby-2.1.0/specifications/turbolinks-2.2.1.gemspec
I, [2014-06-04T16:31:09.449096 #7284]  INFO -- : 0:  twitter-bootstrap-rails (3.1.1) from /home/alumno/.rvm/gems/ruby-2.1.0/bundler/gems/twitter-bootstrap-rails-128f373e1515/twitter-bootstrap-rails.gemspec
I, [2014-06-04T16:31:09.449535 #7284]  INFO -- : 0:  uglifier (2.5.0) from /home/alumno/.rvm/gems/ruby-2.1.0/specifications/uglifier-2.5.0.gemspec
I, [2014-06-04T17:04:08.814057 #7816]  INFO -- : 0:  rake (10.1.1) from /home/alumno/.rvm/gems/ruby-2.1.0/specifications/rake-10.1.1.gemspec
I, [2014-06-04T17:04:08.814455 #7816]  INFO -- : 0:  i18n (0.6.9) from /home/alumno/.rvm/gems/ruby-2.1.0/specifications/i18n-0.6.9.gemspec
I, [2014-06-04T17:04:08.885887 #7816]  INFO -- : 0:  minitest (4.7.5) from /home/alumno/.rvm/gems/ruby-2.1.0/specifications/minitest-4.7.5.gemspec
I, [2014-06-04T17:04:08.886933 #7816]  INFO -- : 0:  multi_json (1.9.0) from /home/alumno/.rvm/gems/ruby-2.1.0/specifications/multi_json-1.9.0.gemspec
I, [2014-06-04T17:04:08.887753 #7816]  INFO -- : 0:  atomic (1.1.16) from /home/alumno/.rvm/gems/ruby-2.1.0/specifications/atomic-1.1.16.gemspec
I, [2014-06-04T17:04:08.888584 #7816]  INFO -- : 0:  thread_safe (0.2.0) from /home/alumno/.rvm/gems/ruby-2.1.0/specifications/thread_safe-0.2.0.gemspec
I, [2014-06-04T17:04:08.889368 #7816]  INFO -- : 0:  tzinfo (0.3.39) from /home/alumno/.rvm/gems/ruby-2.1.0/specifications/tzinfo-0.3.39.gemspec
I, [2014-06-04T17:04:08.890214 #7816]  INFO -- : 0:  activesupport (4.0.4) from /home/alumno/.rvm/gems/ruby-2.1.0/specifications/activesupport-4.0.4.gemspec
I, [2014-06-04T17:04:08.890930 #7816]  INFO -- : 0:  builder (3.1.4) from /home/alumno/.rvm/gems/ruby-2.1.0/specifications/builder-3.1.4.gemspec
I, [2014-06-04T17:04:08.891743 #7816]  INFO -- : 0:  erubis (2.7.0) from /home/alumno/.rvm/gems/ruby-2.1.0/specifications/erubis-2.7.0.gemspec
I, [2014-06-04T17:04:08.892530 #7816]  INFO -- : 0:  rack (1.5.2) from /home/alumno/.rvm/gems/ruby-2.1.0/specifications/rack-1.5.2.gemspec
I, [2014-06-04T17:04:08.893408 #7816]  INFO -- : 0:  rack-test (0.6.2) from /home/alumno/.rvm/gems/ruby-2.1.0/specifications/rack-test-0.6.2.gemspec
I, [2014-06-04T17:04:08.894219 #7816]  INFO -- : 0:  actionpack (4.0.4) from /home/alumno/.rvm/gems/ruby-2.1.0/specifications/actionpack-4.0.4.gemspec
I, [2014-06-04T17:04:08.894941 #7816]  INFO -- : 0:  mime-types (1.25.1) from /home/alumno/.rvm/gems/ruby-2.1.0/specifications/mime-types-1.25.1.gemspec
I, [2014-06-04T17:04:08.895744 #7816]  INFO -- : 0:  polyglot (0.3.4) from /home/alumno/.rvm/gems/ruby-2.1.0/specifications/polyglot-0.3.4.gemspec
I, [2014-06-04T17:04:08.896471 #7816]  INFO -- : 0:  treetop (1.4.15) from /home/alumno/.rvm/gems/ruby-2.1.0/specifications/treetop-1.4.15.gemspec
I, [2014-06-04T17:04:08.896791 #7816]  INFO -- : 0:  mail (2.5.4) from /home/alumno/.rvm/gems/ruby-2.1.0/specifications/mail-2.5.4.gemspec
I, [2014-06-04T17:04:08.897122 #7816]  INFO -- : 0:  actionmailer (4.0.4) from /home/alumno/.rvm/gems/ruby-2.1.0/specifications/actionmailer-4.0.4.gemspec
I, [2014-06-04T17:04:08.897510 #7816]  INFO -- : 0:  activemodel (4.0.4) from /home/alumno/.rvm/gems/ruby-2.1.0/specifications/activemodel-4.0.4.gemspec
I, [2014-06-04T17:04:08.897824 #7816]  INFO -- : 0:  activerecord-deprecated_finders (1.0.3) from /home/alumno/.rvm/gems/ruby-2.1.0/specifications/activerecord-deprecated_finders-1.0.3.gemspec
I, [2014-06-04T17:04:08.898181 #7816]  INFO -- : 0:  arel (4.0.2) from /home/alumno/.rvm/gems/ruby-2.1.0/specifications/arel-4.0.2.gemspec
I, [2014-06-04T17:04:08.898489 #7816]  INFO -- : 0:  activerecord (4.0.4) from /home/alumno/.rvm/gems/ruby-2.1.0/specifications/activerecord-4.0.4.gemspec
I, [2014-06-04T17:04:08.898786 #7816]  INFO -- : 0:  bcrypt (3.1.7) from /home/alumno/.rvm/gems/ruby-2.1.0/specifications/bcrypt-3.1.7.gemspec
I, [2014-06-04T17:04:08.899125 #7816]  INFO -- : 0:  coffee-script-source (1.7.0) from /home/alumno/.rvm/gems/ruby-2.1.0/specifications/coffee-script-source-1.7.0.gemspec
I, [2014-06-04T17:04:08.899441 #7816]  INFO -- : 0:  execjs (2.0.2) from /home/alumno/.rvm/gems/ruby-2.1.0/specifications/execjs-2.0.2.gemspec
I, [2014-06-04T17:04:08.899726 #7816]  INFO -- : 0:  coffee-script (2.2.0) from /home/alumno/.rvm/gems/ruby-2.1.0/specifications/coffee-script-2.2.0.gemspec
I, [2014-06-04T17:04:08.900045 #7816]  INFO -- : 0:  thor (0.18.1) from /home/alumno/.rvm/gems/ruby-2.1.0/specifications/thor-0.18.1.gemspec
I, [2014-06-04T17:04:08.900399 #7816]  INFO -- : 0:  railties (4.0.4) from /home/alumno/.rvm/gems/ruby-2.1.0/specifications/railties-4.0.4.gemspec
I, [2014-06-04T17:04:08.900705 #7816]  INFO -- : 0:  coffee-rails (4.0.1) from /home/alumno/.rvm/gems/ruby-2.1.0/specifications/coffee-rails-4.0.1.gemspec
I, [2014-06-04T17:04:08.901004 #7816]  INFO -- : 0:  orm_adapter (0.5.0) from /home/alumno/.rvm/gems/ruby-2.1.0/specifications/orm_adapter-0.5.0.gemspec
I, [2014-06-04T17:04:08.901352 #7816]  INFO -- : 0:  warden (1.2.3) from /home/alumno/.rvm/gems/ruby-2.1.0/specifications/warden-1.2.3.gemspec
I, [2014-06-04T17:04:08.901655 #7816]  INFO -- : 0:  devise (3.2.4) from /home/alumno/.rvm/gems/ruby-2.1.0/specifications/devise-3.2.4.gemspec
I, [2014-06-04T17:04:08.901963 #7816]  INFO -- : 0:  hike (1.2.3) from /home/alumno/.rvm/gems/ruby-2.1.0/specifications/hike-1.2.3.gemspec
I, [2014-06-04T17:04:08.902313 #7816]  INFO -- : 0:  jbuilder (1.5.3) from /home/alumno/.rvm/gems/ruby-2.1.0/specifications/jbuilder-1.5.3.gemspec
I, [2014-06-04T17:04:08.902619 #7816]  INFO -- : 0:  jquery-rails (3.1.0) from /home/alumno/.rvm/gems/ruby-2.1.0/specifications/jquery-rails-3.1.0.gemspec
I, [2014-06-04T17:04:10.130643 #7816]  INFO -- : 0:  json (1.8.1) from /home/alumno/.rvm/gems/ruby-2.1.0/specifications/json-1.8.1.gemspec
I, [2014-06-04T17:04:10.131915 #7816]  INFO -- : 0:  bundler (1.5.0) from /home/alumno/.rvm/gems/ruby-2.1.0@global/specifications/bundler-1.5.0.gemspec
I, [2014-06-04T17:04:10.132685 #7816]  INFO -- : 0:  tilt (1.4.1) from /home/alumno/.rvm/gems/ruby-2.1.0/specifications/tilt-1.4.1.gemspec
I, [2014-06-04T17:04:10.133559 #7816]  INFO -- : 0:  sprockets (2.11.0) from /home/alumno/.rvm/gems/ruby-2.1.0/specifications/sprockets-2.11.0.gemspec
I, [2014-06-04T17:04:10.134448 #7816]  INFO -- : 0:  sprockets-rails (2.0.1) from /home/alumno/.rvm/gems/ruby-2.1.0/specifications/sprockets-rails-2.0.1.gemspec
I, [2014-06-04T17:04:10.135600 #7816]  INFO -- : 0:  rails (4.0.4) from /home/alumno/.rvm/gems/ruby-2.1.0/specifications/rails-4.0.4.gemspec
I, [2014-06-04T17:04:10.136545 #7816]  INFO -- : 0:  rdoc (4.1.1) from /home/alumno/.rvm/gems/ruby-2.1.0/specifications/rdoc-4.1.1.gemspec
I, [2014-06-04T17:04:10.137458 #7816]  INFO -- : 0:  sass (3.2.16) from /home/alumno/.rvm/gems/ruby-2.1.0/specifications/sass-3.2.16.gemspec
I, [2014-06-04T17:04:10.138399 #7816]  INFO -- : 0:  sass-rails (4.0.2) from /home/alumno/.rvm/gems/ruby-2.1.0/specifications/sass-rails-4.0.2.gemspec
I, [2014-06-04T17:04:10.139274 #7816]  INFO -- : 0:  sdoc (0.4.0) from /home/alumno/.rvm/gems/ruby-2.1.0/specifications/sdoc-0.4.0.gemspec
I, [2014-06-04T17:04:10.141697 #7816]  INFO -- : 0:  sqlite3 (1.3.9) from /home/alumno/.rvm/gems/ruby-2.1.0/specifications/sqlite3-1.3.9.gemspec
I, [2014-06-04T17:04:10.142600 #7816]  INFO -- : 0:  turbolinks (2.2.1) from /home/alumno/.rvm/gems/ruby-2.1.0/specifications/turbolinks-2.2.1.gemspec
I, [2014-06-04T17:04:10.355519 #7816]  INFO -- : 0:  twitter-bootstrap-rails (3.1.1) from /home/alumno/.rvm/gems/ruby-2.1.0/bundler/gems/twitter-bootstrap-rails-128f373e1515/twitter-bootstrap-rails.gemspec
I, [2014-06-04T17:04:10.355959 #7816]  INFO -- : 0:  uglifier (2.5.0) from /home/alumno/.rvm/gems/ruby-2.1.0/specifications/uglifier-2.5.0.gemspec
I, [2014-06-11T16:22:33.852398 #2690]  INFO -- : 0:  rake (10.1.1) from /home/alumno/.rvm/gems/ruby-2.1.0/specifications/rake-10.1.1.gemspec
I, [2014-06-11T16:22:33.870584 #2690]  INFO -- : 0:  i18n (0.6.9) from /home/alumno/.rvm/gems/ruby-2.1.0/specifications/i18n-0.6.9.gemspec
I, [2014-06-11T16:22:34.008289 #2690]  INFO -- : 0:  minitest (4.7.5) from /home/alumno/.rvm/gems/ruby-2.1.0/specifications/minitest-4.7.5.gemspec
I, [2014-06-11T16:22:34.009220 #2690]  INFO -- : 0:  multi_json (1.9.0) from /home/alumno/.rvm/gems/ruby-2.1.0/specifications/multi_json-1.9.0.gemspec
I, [2014-06-11T16:22:34.009931 #2690]  INFO -- : 0:  atomic (1.1.16) from /home/alumno/.rvm/gems/ruby-2.1.0/specifications/atomic-1.1.16.gemspec
I, [2014-06-11T16:22:34.010672 #2690]  INFO -- : 0:  thread_safe (0.2.0) from /home/alumno/.rvm/gems/ruby-2.1.0/specifications/thread_safe-0.2.0.gemspec
I, [2014-06-11T16:22:34.011464 #2690]  INFO -- : 0:  tzinfo (0.3.39) from /home/alumno/.rvm/gems/ruby-2.1.0/specifications/tzinfo-0.3.39.gemspec
I, [2014-06-11T16:22:34.012253 #2690]  INFO -- : 0:  activesupport (4.0.4) from /home/alumno/.rvm/gems/ruby-2.1.0/specifications/activesupport-4.0.4.gemspec
I, [2014-06-11T16:22:34.012948 #2690]  INFO -- : 0:  builder (3.1.4) from /home/alumno/.rvm/gems/ruby-2.1.0/specifications/builder-3.1.4.gemspec
I, [2014-06-11T16:22:34.013684 #2690]  INFO -- : 0:  erubis (2.7.0) from /home/alumno/.rvm/gems/ruby-2.1.0/specifications/erubis-2.7.0.gemspec
I, [2014-06-11T16:22:34.014506 #2690]  INFO -- : 0:  rack (1.5.2) from /home/alumno/.rvm/gems/ruby-2.1.0/specifications/rack-1.5.2.gemspec
I, [2014-06-11T16:22:34.015298 #2690]  INFO -- : 0:  rack-test (0.6.2) from /home/alumno/.rvm/gems/ruby-2.1.0/specifications/rack-test-0.6.2.gemspec
I, [2014-06-11T16:22:34.015954 #2690]  INFO -- : 0:  actionpack (4.0.4) from /home/alumno/.rvm/gems/ruby-2.1.0/specifications/actionpack-4.0.4.gemspec
I, [2014-06-11T16:22:34.016712 #2690]  INFO -- : 0:  mime-types (1.25.1) from /home/alumno/.rvm/gems/ruby-2.1.0/specifications/mime-types-1.25.1.gemspec
I, [2014-06-11T16:22:34.017371 #2690]  INFO -- : 0:  polyglot (0.3.4) from /home/alumno/.rvm/gems/ruby-2.1.0/specifications/polyglot-0.3.4.gemspec
I, [2014-06-11T16:22:34.017661 #2690]  INFO -- : 0:  treetop (1.4.15) from /home/alumno/.rvm/gems/ruby-2.1.0/specifications/treetop-1.4.15.gemspec
I, [2014-06-11T16:22:34.017947 #2690]  INFO -- : 0:  mail (2.5.4) from /home/alumno/.rvm/gems/ruby-2.1.0/specifications/mail-2.5.4.gemspec
I, [2014-06-11T16:22:34.018281 #2690]  INFO -- : 0:  actionmailer (4.0.4) from /home/alumno/.rvm/gems/ruby-2.1.0/specifications/actionmailer-4.0.4.gemspec
I, [2014-06-11T16:22:34.018563 #2690]  INFO -- : 0:  activemodel (4.0.4) from /home/alumno/.rvm/gems/ruby-2.1.0/specifications/activemodel-4.0.4.gemspec
I, [2014-06-11T16:22:34.018873 #2690]  INFO -- : 0:  activerecord-deprecated_finders (1.0.3) from /home/alumno/.rvm/gems/ruby-2.1.0/specifications/activerecord-deprecated_finders-1.0.3.gemspec
I, [2014-06-11T16:22:34.019235 #2690]  INFO -- : 0:  arel (4.0.2) from /home/alumno/.rvm/gems/ruby-2.1.0/specifications/arel-4.0.2.gemspec
I, [2014-06-11T16:22:34.019511 #2690]  INFO -- : 0:  activerecord (4.0.4) from /home/alumno/.rvm/gems/ruby-2.1.0/specifications/activerecord-4.0.4.gemspec
I, [2014-06-11T16:22:34.019778 #2690]  INFO -- : 0:  bcrypt (3.1.7) from /home/alumno/.rvm/gems/ruby-2.1.0/specifications/bcrypt-3.1.7.gemspec
I, [2014-06-11T16:22:34.020057 #2690]  INFO -- : 0:  bundler (1.5.0) from /home/alumno/.rvm/gems/ruby-2.1.0@global/specifications/bundler-1.5.0.gemspec
I, [2014-06-11T16:22:34.020348 #2690]  INFO -- : 0:  coffee-script-source (1.7.0) from /home/alumno/.rvm/gems/ruby-2.1.0/specifications/coffee-script-source-1.7.0.gemspec
I, [2014-06-11T16:22:34.020632 #2690]  INFO -- : 0:  execjs (2.0.2) from /home/alumno/.rvm/gems/ruby-2.1.0/specifications/execjs-2.0.2.gemspec
I, [2014-06-11T16:22:34.020928 #2690]  INFO -- : 0:  coffee-script (2.2.0) from /home/alumno/.rvm/gems/ruby-2.1.0/specifications/coffee-script-2.2.0.gemspec
I, [2014-06-11T16:22:34.021271 #2690]  INFO -- : 0:  thor (0.18.1) from /home/alumno/.rvm/gems/ruby-2.1.0/specifications/thor-0.18.1.gemspec
I, [2014-06-11T16:22:34.021562 #2690]  INFO -- : 0:  railties (4.0.4) from /home/alumno/.rvm/gems/ruby-2.1.0/specifications/railties-4.0.4.gemspec
I, [2014-06-11T16:22:34.021858 #2690]  INFO -- : 0:  coffee-rails (4.0.1) from /home/alumno/.rvm/gems/ruby-2.1.0/specifications/coffee-rails-4.0.1.gemspec
I, [2014-06-11T16:22:34.022220 #2690]  INFO -- : 0:  orm_adapter (0.5.0) from /home/alumno/.rvm/gems/ruby-2.1.0/specifications/orm_adapter-0.5.0.gemspec
I, [2014-06-11T16:22:34.022526 #2690]  INFO -- : 0:  warden (1.2.3) from /home/alumno/.rvm/gems/ruby-2.1.0/specifications/warden-1.2.3.gemspec
I, [2014-06-11T16:22:34.022830 #2690]  INFO -- : 0:  devise (3.2.4) from /home/alumno/.rvm/gems/ruby-2.1.0/specifications/devise-3.2.4.gemspec
I, [2014-06-11T16:22:34.023193 #2690]  INFO -- : 0:  hike (1.2.3) from /home/alumno/.rvm/gems/ruby-2.1.0/specifications/hike-1.2.3.gemspec
I, [2014-06-11T16:22:34.023493 #2690]  INFO -- : 0:  jbuilder (1.5.3) from /home/alumno/.rvm/gems/ruby-2.1.0/specifications/jbuilder-1.5.3.gemspec
I, [2014-06-11T16:22:34.023798 #2690]  INFO -- : 0:  jquery-rails (3.1.0) from /home/alumno/.rvm/gems/ruby-2.1.0/specifications/jquery-rails-3.1.0.gemspec
I, [2014-06-11T16:22:36.195160 #2690]  INFO -- : 0:  json (1.8.1) from /home/alumno/.rvm/gems/ruby-2.1.0/specifications/json-1.8.1.gemspec
I, [2014-06-11T16:22:36.196488 #2690]  INFO -- : 0:  tilt (1.4.1) from /home/alumno/.rvm/gems/ruby-2.1.0/specifications/tilt-1.4.1.gemspec
I, [2014-06-11T16:22:36.197437 #2690]  INFO -- : 0:  sprockets (2.11.0) from /home/alumno/.rvm/gems/ruby-2.1.0/specifications/sprockets-2.11.0.gemspec
I, [2014-06-11T16:22:36.198402 #2690]  INFO -- : 0:  sprockets-rails (2.0.1) from /home/alumno/.rvm/gems/ruby-2.1.0/specifications/sprockets-rails-2.0.1.gemspec
I, [2014-06-11T16:22:36.199293 #2690]  INFO -- : 0:  rails (4.0.4) from /home/alumno/.rvm/gems/ruby-2.1.0/specifications/rails-4.0.4.gemspec
I, [2014-06-11T16:22:36.200230 #2690]  INFO -- : 0:  rdoc (4.1.1) from /home/alumno/.rvm/gems/ruby-2.1.0/specifications/rdoc-4.1.1.gemspec
I, [2014-06-11T16:22:36.201445 #2690]  INFO -- : 0:  sass (3.2.16) from /home/alumno/.rvm/gems/ruby-2.1.0/specifications/sass-3.2.16.gemspec
I, [2014-06-11T16:22:36.202480 #2690]  INFO -- : 0:  sass-rails (4.0.2) from /home/alumno/.rvm/gems/ruby-2.1.0/specifications/sass-rails-4.0.2.gemspec
I, [2014-06-11T16:22:36.203328 #2690]  INFO -- : 0:  sdoc (0.4.0) from /home/alumno/.rvm/gems/ruby-2.1.0/specifications/sdoc-0.4.0.gemspec
I, [2014-06-11T16:22:36.204173 #2690]  INFO -- : 0:  sqlite3 (1.3.9) from /home/alumno/.rvm/gems/ruby-2.1.0/specifications/sqlite3-1.3.9.gemspec
I, [2014-06-11T16:22:36.205039 #2690]  INFO -- : 0:  turbolinks (2.2.1) from /home/alumno/.rvm/gems/ruby-2.1.0/specifications/turbolinks-2.2.1.gemspec
I, [2014-06-11T16:22:36.428352 #2690]  INFO -- : 0:  twitter-bootstrap-rails (3.1.1) from /home/alumno/.rvm/gems/ruby-2.1.0/bundler/gems/twitter-bootstrap-rails-128f373e1515/twitter-bootstrap-rails.gemspec
I, [2014-06-11T16:22:36.429291 #2690]  INFO -- : 0:  uglifier (2.5.0) from /home/alumno/.rvm/gems/ruby-2.1.0/specifications/uglifier-2.5.0.gemspec
